TN:
SF:src/App.vue
FN:2,(anonymous_0)
FNF:1
FNH:0
FNDA:0,(anonymous_0)
DA:2,0
LF:1
LH:0
BRF:0
BRH:0
end_of_record
TN:
SF:src/main.ts
FN:34,(anonymous_0)
FNF:1
FNH:0
FNDA:0,(anonymous_0)
DA:16,0
DA:19,0
DA:21,0
DA:22,0
DA:23,0
DA:25,0
DA:28,0
DA:29,0
DA:32,0
DA:33,0
DA:34,0
LF:11
LH:0
BRDA:33,0,0,0
BRDA:33,0,1,0
BRDA:33,1,0,0
BRDA:33,1,1,0
BRF:4
BRH:0
end_of_record
TN:
SF:src/api/admin.ts
FN:17,getDashboardStatsApi
FN:48,getModelUsageApi
FN:65,getUsageTrendApi
FN:69,getTopUsersApi
FN:89,listUsersApi
FN:95,createUserApi
FN:102,updateUserApi
FN:110,deleteUserApi
FN:126,listRolesApi
FN:130,createRoleApi
FN:134,updateRoleApi
FN:140,deleteRoleApi
FN:144,getPermissionTreeApi
FN:170,getGlobalWordStatsApi
FN:174,listGlobalWordsApi
FN:180,createGlobalWordApi
FN:186,batchCreateGlobalWordsApi
FN:192,updateGlobalWordApi
FN:199,deleteGlobalWordApi
FN:239,listLLMProvidersApi
FN:244,exportLLMConfigsApi
FN:252,testLLMDraftApi
FN:267,importLLMConfigsApi
FN:274,listLLMConfigsApi
FN:278,createLLMConfigApi
FN:285,updateLLMConfigApi
FN:293,deleteLLMConfigApi
FN:297,activateLLMConfigApi
FN:301,testLLMConfigApi
FN:319,listDocumentsApi
FN:325,deleteDocumentApi
FN:329,downloadDocumentApi
FN:340,getGuestPolicyApi
FN:344,updateGuestPolicyApi
FN:373,getBasicSettingsApi
FN:377,updateBasicSettingsApi
FN:381,getFeishuSettingsApi
FN:385,updateFeishuSettingsApi
FN:389,getSecuritySettingsApi
FN:393,updateSecuritySettingsApi
FN:404,getDomainPromptsApi
FN:408,updateDomainPromptsApi
FN:412,getDomainPromptsDefaultsApi
FN:436,getDictSuggestionsApi
FN:440,cleanLogsApi
FN:444,cleanTempFilesApi
FN:448,cleanCacheApi
FN:452,cleanExpiredWhitelistApi
FNF:48
FNH:0
FNDA:0,getDashboardStatsApi
FNDA:0,getModelUsageApi
FNDA:0,getUsageTrendApi
FNDA:0,getTopUsersApi
FNDA:0,listUsersApi
FNDA:0,createUserApi
FNDA:0,updateUserApi
FNDA:0,deleteUserApi
FNDA:0,listRolesApi
FNDA:0,createRoleApi
FNDA:0,updateRoleApi
FNDA:0,deleteRoleApi
FNDA:0,getPermissionTreeApi
FNDA:0,getGlobalWordStatsApi
FNDA:0,listGlobalWordsApi
FNDA:0,createGlobalWordApi
FNDA:0,batchCreateGlobalWordsApi
FNDA:0,updateGlobalWordApi
FNDA:0,deleteGlobalWordApi
FNDA:0,listLLMProvidersApi
FNDA:0,exportLLMConfigsApi
FNDA:0,testLLMDraftApi
FNDA:0,importLLMConfigsApi
FNDA:0,listLLMConfigsApi
FNDA:0,createLLMConfigApi
FNDA:0,updateLLMConfigApi
FNDA:0,deleteLLMConfigApi
FNDA:0,activateLLMConfigApi
FNDA:0,testLLMConfigApi
FNDA:0,listDocumentsApi
FNDA:0,deleteDocumentApi
FNDA:0,downloadDocumentApi
FNDA:0,getGuestPolicyApi
FNDA:0,updateGuestPolicyApi
FNDA:0,getBasicSettingsApi
FNDA:0,updateBasicSettingsApi
FNDA:0,getFeishuSettingsApi
FNDA:0,updateFeishuSettingsApi
FNDA:0,getSecuritySettingsApi
FNDA:0,updateSecuritySettingsApi
FNDA:0,getDomainPromptsApi
FNDA:0,updateDomainPromptsApi
FNDA:0,getDomainPromptsDefaultsApi
FNDA:0,getDictSuggestionsApi
FNDA:0,cleanLogsApi
FNDA:0,cleanTempFilesApi
FNDA:0,cleanCacheApi
FNDA:0,cleanExpiredWhitelistApi
DA:18,0
DA:49,0
DA:66,0
DA:70,0
DA:92,0
DA:99,0
DA:107,0
DA:111,0
DA:127,0
DA:131,0
DA:137,0
DA:141,0
DA:145,0
DA:171,0
DA:177,0
DA:183,0
DA:189,0
DA:196,0
DA:200,0
DA:240,0
DA:245,0
DA:255,0
DA:271,0
DA:275,0
DA:282,0
DA:290,0
DA:294,0
DA:298,0
DA:302,0
DA:322,0
DA:326,0
DA:330,0
DA:341,0
DA:345,0
DA:374,0
DA:378,0
DA:382,0
DA:386,0
DA:390,0
DA:394,0
DA:405,0
DA:409,0
DA:413,0
DA:437,0
DA:441,0
DA:445,0
DA:449,0
DA:453,0
LF:48
LH:0
BRDA:48,0,0,0
BRDA:65,1,0,0
BRDA:69,2,0,0
BRDA:69,3,0,0
BRDA:437,4,0,0
BRDA:437,4,1,0
BRF:6
BRH:0
end_of_record
TN:
SF:src/api/adminApiKeys.ts
FN:54,listAdminApiKeysApi
FN:59,updateAdminApiKeyApi
FNF:2
FNH:0
FNDA:0,listAdminApiKeysApi
FNDA:0,updateAdminApiKeyApi
DA:55,0
DA:60,0
LF:2
LH:0
BRF:0
BRH:0
end_of_record
TN:
SF:src/api/apiKeys.ts
FN:56,listApiKeysApi
FN:61,createApiKeyApi
FN:66,revokeApiKeyApi
FN:71,setWebhookApi
FN:76,clearWebhookApi
FN:81,testWebhookApi
FNF:6
FNH:0
FNDA:0,listApiKeysApi
FNDA:0,createApiKeyApi
FNDA:0,revokeApiKeyApi
FNDA:0,setWebhookApi
FNDA:0,clearWebhookApi
FNDA:0,testWebhookApi
DA:57,0
DA:62,0
DA:67,0
DA:72,0
DA:77,0
DA:82,0
LF:6
LH:0
BRF:0
BRH:0
end_of_record
TN:
SF:src/api/audit.ts
FN:57,getAuditLogsApi
FN:72,getAuditLogDetailApi
FN:77,getAuditStatsApi
FN:87,getActionTypesApi
FNF:4
FNH:0
FNDA:0,getAuditLogsApi
FNDA:0,getAuditLogDetailApi
FNDA:0,getAuditStatsApi
FNDA:0,getActionTypesApi
DA:68,0
DA:73,0
DA:78,0
DA:88,0
LF:4
LH:0
BRF:0
BRH:0
end_of_record
TN:
SF:src/api/auth.ts
FN:34,loginApi
FN:39,quickLoginApi
FN:44,getMeApi
FN:49,getFeishuConfigApi
FN:54,feishuCallbackApi
FNF:5
FNH:0
FNDA:0,loginApi
FNDA:0,quickLoginApi
FNDA:0,getMeApi
FNDA:0,getFeishuConfigApi
FNDA:0,feishuCallbackApi
DA:35,0
DA:40,0
DA:45,0
DA:50,0
DA:55,0
LF:5
LH:0
BRF:0
BRH:0
end_of_record
TN:
SF:src/api/collaboration.ts
FN:49,(anonymous_0)
FN:50,createCollaborationApi
FN:56,getCollaborationSnapshotApi
FNF:3
FNH:3
FNDA:18,(anonymous_0)
FNDA:14,createCollaborationApi
FNDA:4,getCollaborationSnapshotApi
DA:7,2
DA:49,18
DA:51,14
DA:57,4
LF:4
LH:4
BRDA:53,0,0,1
BRDA:53,0,1,13
BRF:2
BRH:2
end_of_record
TN:
SF:src/api/dictionary.ts
FN:26,listDictionariesApi
FN:31,createDictionaryApi
FN:36,updateDictionaryApi
FN:41,deleteDictionaryApi
FN:53,listEntriesApi
FN:58,createEntryApi
FN:63,batchCreateEntriesApi
FN:68,deleteEntryApi
FNF:8
FNH:0
FNDA:0,listDictionariesApi
FNDA:0,createDictionaryApi
FNDA:0,updateDictionaryApi
FNDA:0,deleteDictionaryApi
FNDA:0,listEntriesApi
FNDA:0,createEntryApi
FNDA:0,batchCreateEntriesApi
FNDA:0,deleteEntryApi
DA:27,0
DA:32,0
DA:37,0
DA:42,0
DA:54,0
DA:59,0
DA:64,0
DA:69,0
LF:8
LH:0
BRF:0
BRH:0
end_of_record
TN:
SF:src/api/document.ts
FN:34,uploadDocumentApi
FN:50,documentProofreadApi
FN:63,fetchExtractedTextApi
FN:70,exportRevisedTextApi
FN:96,exportReportApi
FNF:5
FNH:0
FNDA:0,uploadDocumentApi
FNDA:0,documentProofreadApi
FNDA:0,fetchExtractedTextApi
FNDA:0,exportRevisedTextApi
FNDA:0,exportReportApi
DA:38,0
DA:39,0
DA:40,0
DA:57,0
DA:64,0
DA:74,0
DA:109,0
LF:7
LH:0
BRF:0
BRH:0
end_of_record
TN:
SF:src/api/factCheck.ts
FN:152,factCheckHistoryApi
FN:155,factCheckSourceApi
FN:158,executeFactCheckApi
FN:161,deepenFactCheckApi
FN:164,factCheckReviewsApi
FN:167,addFactCheckReviewApi
FN:170,exportFactCheckApi
FN:173,deleteFactCheckApi
FN:176,(anonymous_8)
FN:178,createFactCheckId
FN:183,(anonymous_10)
FN:187,getFactCheckOptionsApi
FN:190,listFactCheckRunsApi
FN:193,createFactCheckRunApi
FN:200,getFactCheckRunApi
FN:203,cancelFactCheckRunApi
FN:206,getFactCheckSettingsApi
FN:209,saveFactCheckSettingsApi
FN:214,(anonymous_18)
FNF:19
FNH:18
FNDA:3,factCheckHistoryApi
FNDA:19,factCheckSourceApi
FNDA:1,executeFactCheckApi
FNDA:1,deepenFactCheckApi
FNDA:18,factCheckReviewsApi
FNDA:1,addFactCheckReviewApi
FNDA:1,exportFactCheckApi
FNDA:0,deleteFactCheckApi
FNDA:259,(anonymous_8)
FNDA:63,createFactCheckId
FNDA:1008,(anonymous_10)
FNDA:62,getFactCheckOptionsApi
FNDA:60,listFactCheckRunsApi
FNDA:14,createFactCheckRunApi
FNDA:33,getFactCheckRunApi
FNDA:2,cancelFactCheckRunApi
FNDA:26,getFactCheckSettingsApi
FNDA:18,saveFactCheckSettingsApi
FNDA:3,(anonymous_18)
DA:153,3
DA:156,19
DA:159,1
DA:162,1
DA:165,18
DA:168,1
DA:171,1
DA:174,0
DA:176,259
DA:180,63
DA:181,63
DA:182,63
DA:183,1008
DA:184,63
DA:188,62
DA:191,60
DA:194,14
DA:201,33
DA:204,2
DA:207,26
DA:210,18
DA:211,18
DA:214,3
LF:23
LH:22
BRDA:152,0,0,3
BRDA:155,1,0,19
BRDA:164,2,0,18
BRDA:187,3,0,62
BRDA:190,4,0,60
BRDA:193,5,0,14
BRDA:195,6,0,12
BRDA:195,6,1,2
BRDA:195,7,0,1
BRDA:195,7,1,1
BRDA:200,8,0,33
BRDA:203,9,0,2
BRDA:206,10,0,26
BRDA:209,11,0,18
BRDA:210,12,0,8
BRDA:210,12,1,10
BRDA:212,13,0,18
BRDA:212,13,1,18
BRDA:213,14,0,4
BRDA:213,14,1,14
BRDA:216,15,0,3
BRDA:216,15,1,2
BRF:22
BRH:22
end_of_record
TN:
SF:src/api/history.ts
FN:69,getTodayUsageApi
FN:74,listHistoryApi
FN:84,getHistoryDetailApi
FN:89,deleteHistoryApi
FNF:4
FNH:0
FNDA:0,getTodayUsageApi
FNDA:0,listHistoryApi
FNDA:0,getHistoryDetailApi
FNDA:0,deleteHistoryApi
DA:70,0
DA:80,0
DA:85,0
DA:90,0
LF:4
LH:0
BRF:0
BRH:0
end_of_record
TN:
SF:src/api/polish.ts
FN:38,getPolishStylesApi
FN:45,textPolishApi
FN:70,polishCompareStreamApi
FN:75,(anonymous_3)
FN:88,getAvailableModelsApi
FN:99,getAvailableModelsCached
FN:105,(anonymous_6)
FN:109,(anonymous_7)
FN:115,invalidateAvailableModelsCache
FN:140,polishCompareApi
FN:163,textPolishStreamApi
FNF:11
FNH:0
FNDA:0,getPolishStylesApi
FNDA:0,textPolishApi
FNDA:0,polishCompareStreamApi
FNDA:0,(anonymous_3)
FNDA:0,getAvailableModelsApi
FNDA:0,getAvailableModelsCached
FNDA:0,(anonymous_6)
FNDA:0,(anonymous_7)
FNDA:0,invalidateAvailableModelsCache
FNDA:0,polishCompareApi
FNDA:0,textPolishStreamApi
DA:39,0
DA:49,0
DA:74,0
DA:75,0
DA:89,0
DA:94,0
DA:95,0
DA:96,0
DA:100,0
DA:101,0
DA:103,0
DA:104,0
DA:106,0
DA:107,0
DA:109,0
DA:111,0
DA:116,0
DA:145,0
DA:167,0
LF:19
LH:0
BRDA:75,0,0,0
BRDA:75,0,1,0
BRDA:100,1,0,0
BRDA:100,1,1,0
BRDA:100,2,0,0
BRDA:100,2,1,0
BRDA:103,3,0,0
BRDA:103,3,1,0
BRF:8
BRH:0
end_of_record
TN:
SF:src/api/proofread.ts
FN:48,textProofreadApi
FN:69,submitIssueFeedbackApi
FN:97,proofreadCompareApi
FNF:3
FNH:0
FNDA:0,textProofreadApi
FNDA:0,submitIssueFeedbackApi
FNDA:0,proofreadCompareApi
DA:55,0
DA:70,0
DA:103,0
LF:3
LH:0
BRF:0
BRH:0
end_of_record
TN:
SF:src/api/qualityFeedback.ts
FN:105,submitQualityFeedbackApi
FN:109,listQualityFeedbackApi
FN:113,reviewQualityFeedbackApi
FN:117,evaluateQualityFeedbackApi
FNF:4
FNH:4
FNDA:9,submitQualityFeedbackApi
FNDA:1,listQualityFeedbackApi
FNDA:2,reviewQualityFeedbackApi
FNDA:1,evaluateQualityFeedbackApi
DA:6,3
DA:103,3
DA:106,9
DA:110,1
DA:114,2
DA:118,1
LF:6
LH:6
BRF:0
BRH:0
end_of_record
TN:
SF:src/api/review.ts
FN:86,detailText
FN:88,(anonymous_1)
FN:95,getReviewErrorDetail
FN:103,reviewRequest
FN:124,getReviewApi
FN:130,wireIssues
FN:131,(anonymous_6)
FN:145,wireReview
FN:155,saveReviewApi
FN:161,createReviewVersionApi
FN:167,exportReviewApi
FN:173,exportDocumentReviewApi
FNF:12
FNH:12
FNDA:18,detailText
FNDA:5,(anonymous_1)
FNDA:22,getReviewErrorDetail
FNDA:25,reviewRequest
FNDA:3,getReviewApi
FNDA:19,wireIssues
FNDA:24,(anonymous_6)
FNDA:16,wireReview
FNDA:8,saveReviewApi
FNDA:8,createReviewVersionApi
FNDA:3,exportReviewApi
FNDA:3,exportDocumentReviewApi
DA:87,18
DA:88,3
DA:89,5
DA:90,0
DA:92,0
DA:96,22
DA:97,22
DA:98,22
DA:99,22
DA:104,25
DA:105,25
DA:107,6
DA:108,6
DA:109,6
DA:110,3
DA:111,3
DA:112,3
DA:117,6
DA:122,7
DA:125,3
DA:131,24
DA:146,16
DA:156,8
DA:162,8
DA:168,3
DA:174,3
LF:26
LH:24
BRDA:87,0,0,15
BRDA:87,0,1,3
BRDA:88,1,0,3
BRDA:88,1,1,0
BRDA:89,2,0,5
BRDA:89,2,1,0
BRDA:89,3,0,5
BRDA:89,3,1,5
BRDA:89,3,2,5
BRDA:98,4,0,13
BRDA:98,4,1,9
BRDA:98,5,0,22
BRDA:98,5,1,14
BRDA:98,5,2,14
BRDA:99,6,0,22
BRDA:99,6,1,9
BRDA:99,6,2,0
BRDA:109,7,0,3
BRDA:109,7,1,3
BRDA:109,8,0,6
BRDA:109,8,1,6
BRDA:109,8,2,3
BRDA:124,9,0,3
BRDA:138,10,0,5
BRDA:138,10,1,19
BRDA:138,11,0,24
BRDA:138,11,1,24
BRDA:139,12,0,5
BRDA:139,12,1,19
BRDA:139,13,0,24
BRDA:139,13,1,24
BRDA:148,14,0,14
BRDA:148,14,1,2
BRDA:149,15,0,6
BRDA:149,15,1,10
BRDA:150,16,0,14
BRDA:150,16,1,2
BRDA:151,17,0,14
BRDA:151,17,1,2
BRDA:155,18,0,8
BRDA:161,19,0,8
BRDA:162,20,0,1
BRDA:162,20,1,7
BRDA:167,21,0,3
BRDA:173,22,0,3
BRF:45
BRH:42
end_of_record
TN:
SF:src/api/site.ts
FN:17,getSiteInfoApi
FN:22,getAdminSiteConfigApi
FN:27,updateAdminSiteConfigApi
FN:32,uploadIconApi
FNF:4
FNH:0
FNDA:0,getSiteInfoApi
FNDA:0,getAdminSiteConfigApi
FNDA:0,updateAdminSiteConfigApi
FNDA:0,uploadIconApi
DA:18,0
DA:23,0
DA:28,0
DA:33,0
DA:34,0
DA:35,0
LF:6
LH:0
BRF:0
BRH:0
end_of_record
TN:
SF:src/api/tasks.ts
FN:30,getTaskStatusApi
FN:45,asyncDocumentProofreadApi
FN:67,cancelTaskApi
FN:82,pollTaskStatus
FN:101,(anonymous_4)
FN:106,tick
FN:121,(anonymous_6)
FN:136,(anonymous_7)
FN:154,streamTaskStatus
FN:173,(anonymous_9)
FNF:10
FNH:2
FNDA:16,getTaskStatusApi
FNDA:0,asyncDocumentProofreadApi
FNDA:1,cancelTaskApi
FNDA:0,pollTaskStatus
FNDA:0,(anonymous_4)
FNDA:0,tick
FNDA:0,(anonymous_6)
FNDA:0,(anonymous_7)
FNDA:0,streamTaskStatus
FNDA:0,(anonymous_9)
DA:35,16
DA:36,16
DA:37,16
DA:58,0
DA:59,0
DA:60,0
DA:72,1
DA:73,1
DA:74,1
DA:77,1
DA:99,0
DA:101,0
DA:102,0
DA:103,0
DA:104,0
DA:107,0
DA:108,0
DA:109,0
DA:111,0
DA:112,0
DA:113,0
DA:115,0
DA:116,0
DA:117,0
DA:120,0
DA:121,0
DA:122,0
DA:123,0
DA:124,0
DA:125,0
DA:127,0
DA:129,0
DA:130,0
DA:131,0
DA:134,0
DA:135,0
DA:137,0
DA:138,0
DA:139,0
DA:140,0
DA:142,0
DA:143,0
DA:147,0
DA:162,0
DA:163,0
DA:164,0
DA:165,0
DA:166,0
DA:168,0
DA:169,0
DA:170,0
DA:172,0
DA:173,0
DA:174,0
DA:176,0
DA:177,0
DA:178,0
DA:180,0
DA:181,0
DA:183,0
DA:184,0
DA:186,0
DA:187,0
DA:188,0
DA:190,0
DA:191,0
DA:192,0
DA:194,0
DA:195,0
DA:196,0
DA:197,0
DA:198,0
DA:199,0
DA:200,0
DA:201,0
DA:202,0
DA:203,0
DA:204,0
DA:207,0
DA:212,0
DA:213,0
DA:215,0
DA:216,0
DA:218,0
DA:220,0
LF:85
LH:7
BRDA:36,0,0,0
BRDA:36,0,1,16
BRDA:53,1,0,0
BRDA:59,2,0,0
BRDA:59,2,1,0
BRDA:73,3,0,0
BRDA:73,3,1,1
BRDA:85,4,0,0
BRDA:96,5,0,0
BRDA:97,6,0,0
BRDA:98,7,0,0
BRDA:107,8,0,0
BRDA:107,8,1,0
BRDA:111,9,0,0
BRDA:111,9,1,0
BRDA:115,10,0,0
BRDA:115,10,1,0
BRDA:123,11,0,0
BRDA:123,11,1,0
BRDA:129,12,0,0
BRDA:129,12,1,0
BRDA:138,13,0,0
BRDA:138,13,1,0
BRDA:138,14,0,0
BRDA:138,14,1,0
BRDA:138,14,2,0
BRDA:157,15,0,0
BRDA:163,16,0,0
BRDA:163,16,1,0
BRDA:165,17,0,0
BRDA:165,17,1,0
BRDA:166,18,0,0
BRDA:166,18,1,0
BRDA:168,19,0,0
BRDA:168,19,1,0
BRDA:170,20,0,0
BRDA:170,20,1,0
BRDA:178,21,0,0
BRDA:178,21,1,0
BRDA:181,22,0,0
BRDA:181,22,1,0
BRDA:188,23,0,0
BRDA:188,23,1,0
BRDA:192,24,0,0
BRDA:192,24,1,0
BRDA:195,25,0,0
BRDA:195,25,1,0
BRDA:195,26,0,0
BRDA:195,26,1,0
BRDA:197,27,0,0
BRDA:197,27,1,0
BRDA:200,28,0,0
BRDA:200,28,1,0
BRDA:202,29,0,0
BRDA:202,29,1,0
BRDA:207,30,0,0
BRDA:207,30,1,0
BRDA:212,31,0,0
BRDA:212,31,1,0
BRDA:215,32,0,0
BRDA:215,32,1,0
BRDA:215,33,0,0
BRDA:215,33,1,0
BRF:63
BRH:2
end_of_record
TN:
SF:src/api/whitelist.ts
FN:23,listWhitelistApi
FN:28,createWhitelistApi
FN:33,updateWhitelistApi
FN:38,deleteWhitelistApi
FN:43,batchCreateWhitelistApi
FNF:5
FNH:0
FNDA:0,listWhitelistApi
FNDA:0,createWhitelistApi
FNDA:0,updateWhitelistApi
FNDA:0,deleteWhitelistApi
FNDA:0,batchCreateWhitelistApi
DA:24,0
DA:29,0
DA:34,0
DA:39,0
DA:44,0
LF:5
LH:0
BRF:0
BRH:0
end_of_record
TN:
SF:src/components/CollaborationProgress.vue
FNF:0
FNH:0
LF:0
LH:0
BRF:0
BRH:0
end_of_record
TN:
SF:src/components/FactCheckPanel.vue
FNF:0
FNH:0
LF:0
LH:0
BRF:0
BRH:0
end_of_record
TN:
SF:src/components/FactCheckSearchTrace.vue
FNF:0
FNH:0
LF:0
LH:0
BRF:0
BRH:0
end_of_record
TN:
SF:src/components/FactCheckSettings.vue
FNF:0
FNH:0
LF:0
LH:0
BRF:0
BRH:0
end_of_record
TN:
SF:src/components/ProofreadCoverage.vue
FN:63,(anonymous_0)
FN:65,retryChunks
FN:7,(anonymous_2)
FN:21,(anonymous_3)
FN:17,(anonymous_4)
FN:28,(anonymous_5)
FN:36,(anonymous_6)
FN:33,(anonymous_7)
FNF:8
FNH:0
FNDA:0,(anonymous_0)
FNDA:0,retryChunks
FNDA:0,(anonymous_2)
FNDA:0,(anonymous_3)
FNDA:0,(anonymous_4)
FNDA:0,(anonymous_5)
FNDA:0,(anonymous_6)
FNDA:0,(anonymous_7)
DA:3,0
DA:13,0
DA:21,0
DA:25,0
DA:28,0
DA:31,0
DA:36,0
DA:50,0
DA:57,0
DA:61,0
DA:62,0
DA:63,0
DA:66,0
DA:67,0
DA:68,0
DA:69,0
DA:70,0
DA:71,0
DA:72,0
DA:73,0
DA:74,0
DA:75,0
DA:76,0
DA:77,0
DA:79,0
DA:80,0
DA:81,0
DA:87,0
DA:88,0
DA:89,0
DA:90,0
DA:91,0
DA:92,0
DA:94,0
DA:95,0
DA:98,0
DA:99,0
DA:100,0
DA:103,0
LF:39
LH:0
BRDA:66,0,0,0
BRDA:66,0,1,0
BRDA:66,1,0,0
BRDA:66,1,1,0
BRDA:67,2,0,0
BRDA:67,2,1,0
BRDA:74,3,0,0
BRDA:74,3,1,0
BRDA:74,4,0,0
BRDA:74,4,1,0
BRDA:75,5,0,0
BRDA:75,5,1,0
BRDA:84,6,0,0
BRDA:84,6,1,0
BRDA:85,7,0,0
BRDA:85,7,1,0
BRDA:87,8,0,0
BRDA:87,8,1,0
BRDA:87,9,0,0
BRDA:87,9,1,0
BRDA:87,9,2,0
BRDA:98,10,0,0
BRDA:98,10,1,0
BRDA:98,11,0,0
BRDA:98,11,1,0
BRDA:99,12,0,0
BRDA:99,12,1,0
BRDA:99,13,0,0
BRDA:99,13,1,0
BRDA:3,14,0,0
BRDA:25,15,0,0
BRF:31
BRH:0
end_of_record
TN:
SF:src/components/QualityFeedbackAdmin.vue
FNF:0
FNH:0
LF:0
LH:0
BRF:0
BRH:0
end_of_record
TN:
SF:src/components/QualityFeedbackDialog.vue
FNF:0
FNH:0
LF:0
LH:0
BRF:0
BRH:0
end_of_record
TN:
SF:src/components/ReviewPreview.vue
FN:55,(anonymous_0)
FN:56,(anonymous_1)
FN:59,(anonymous_2)
FN:59,(anonymous_3)
FN:63,(anonymous_4)
FN:65,(anonymous_5)
FN:5,(anonymous_6)
FN:4,(anonymous_7)
FN:9,(anonymous_8)
FN:12,(anonymous_9)
FN:9,(anonymous_10)
FN:13,(anonymous_11)
FNF:12
FNH:0
FNDA:0,(anonymous_0)
FNDA:0,(anonymous_1)
FNDA:0,(anonymous_2)
FNDA:0,(anonymous_3)
FNDA:0,(anonymous_4)
FNDA:0,(anonymous_5)
FNDA:0,(anonymous_6)
FNDA:0,(anonymous_7)
FNDA:0,(anonymous_8)
FNDA:0,(anonymous_9)
FNDA:0,(anonymous_10)
FNDA:0,(anonymous_11)
DA:2,0
DA:5,0
DA:9,0
DA:11,0
DA:12,0
DA:13,0
DA:16,0
DA:19,0
DA:25,0
DA:27,0
DA:33,0
DA:45,0
DA:53,0
DA:54,0
DA:55,0
DA:56,0
DA:59,0
DA:60,0
DA:61,0
DA:62,0
DA:63,0
DA:64,0
DA:65,0
LF:23
LH:0
BRDA:55,0,0,0
BRDA:55,0,1,0
BRDA:56,1,0,0
BRDA:56,1,1,0
BRDA:62,2,0,0
BRDA:62,2,1,0
BRDA:64,3,0,0
BRDA:64,3,1,0
BRDA:64,4,0,0
BRDA:64,4,1,0
BRDA:13,5,0,0
BRDA:13,5,1,0
BRDA:16,6,0,0
BRDA:16,6,1,0
BRDA:19,7,0,0
BRDA:25,8,0,0
BRDA:25,8,1,0
BRDA:25,9,0,0
BRDA:25,9,1,0
BRDA:27,10,0,0
BRDA:27,10,1,0
BRDA:33,11,0,0
BRDA:33,11,1,0
BRF:23
BRH:0
end_of_record
TN:
SF:src/components/ReviewWorkspace.vue
FNF:0
FNH:0
LF:0
LH:0
BRF:0
BRH:0
end_of_record
TN:
SF:src/composables/theme.ts
FN:11,applyTheme
FN:17,useDarkMode
FN:18,toggle
FNF:3
FNH:0
FNDA:0,applyTheme
FNDA:0,useDarkMode
FNDA:0,toggle
DA:7,0
DA:9,0
DA:12,0
DA:13,0
DA:14,0
DA:19,0
DA:21,0
LF:7
LH:0
BRDA:13,0,0,0
BRDA:13,0,1,0
BRF:2
BRH:0
end_of_record
TN:
SF:src/composables/useCollaboration.ts
FN:12,useCollaboration
FN:29,(anonymous_1)
FN:30,(anonymous_2)
FN:38,stop
FN:47,current
FN:48,reset
FN:56,showError
FN:60,readStatus
FN:81,(anonymous_8)
FN:89,reconnect
FN:112,resume
FN:119,submit
FN:157,cancel
FN:174,(anonymous_13)
FNF:14
FNH:14
FNDA:14,useCollaboration
FNDA:12,(anonymous_1)
FNDA:2,(anonymous_2)
FNDA:42,stop
FNDA:56,current
FNDA:2,reset
FNDA:4,showError
FNDA:16,readStatus
FNDA:3,(anonymous_8)
FNDA:14,reconnect
FNDA:2,resume
FNDA:16,submit
FNDA:1,cancel
FNDA:14,(anonymous_13)
DA:9,1
DA:18,14
DA:19,14
DA:20,14
DA:21,14
DA:22,14
DA:23,14
DA:24,14
DA:25,14
DA:26,14
DA:27,14
DA:28,14
DA:29,14
DA:30,14
DA:31,14
DA:32,14
DA:33,14
DA:34,14
DA:35,14
DA:36,14
DA:39,42
DA:40,42
DA:41,42
DA:42,42
DA:43,42
DA:44,42
DA:45,42
DA:47,56
DA:49,2
DA:50,2
DA:51,2
DA:52,2
DA:53,2
DA:54,2
DA:57,4
DA:61,16
DA:62,16
DA:63,15
DA:64,14
DA:65,14
DA:66,14
DA:67,16
DA:68,14
DA:69,3
DA:70,3
DA:71,0
DA:73,3
DA:74,3
DA:75,2
DA:76,2
DA:77,2
DA:80,14
DA:81,7
DA:83,1
DA:84,1
DA:85,1
DA:90,14
DA:91,14
DA:92,14
DA:93,14
DA:94,14
DA:95,14
DA:96,14
DA:97,14
DA:99,14
DA:100,3
DA:101,2
DA:102,2
DA:103,2
DA:104,2
DA:106,13
DA:108,1
DA:113,2
DA:114,2
DA:115,2
DA:116,2
DA:120,16
DA:121,14
DA:122,1
DA:123,1
DA:126,13
DA:127,1
DA:128,1
DA:130,12
DA:131,12
DA:132,12
DA:133,12
DA:134,12
DA:135,12
DA:136,12
DA:137,12
DA:138,10
DA:139,9
DA:140,9
DA:141,16
DA:142,16
DA:143,16
DA:144,16
DA:145,16
DA:147,2
DA:148,2
DA:149,2
DA:150,2
DA:152,12
DA:154,11
DA:158,1
DA:159,1
DA:160,1
DA:161,1
DA:162,1
DA:163,1
DA:164,1
DA:165,1
DA:168,0
DA:170,1
DA:174,14
DA:175,14
LF:117
LH:115
BRDA:30,0,0,2
BRDA:30,0,1,2
BRDA:30,0,2,1
BRDA:30,0,3,0
BRDA:42,1,0,4
BRDA:42,1,1,38
BRDA:47,2,0,56
BRDA:47,2,1,53
BRDA:63,3,0,1
BRDA:63,3,1,14
BRDA:64,4,0,0
BRDA:64,4,1,14
BRDA:66,5,0,14
BRDA:66,5,1,0
BRDA:66,5,2,0
BRDA:67,6,0,14
BRDA:67,6,1,2
BRDA:68,7,0,3
BRDA:68,7,1,11
BRDA:70,8,0,0
BRDA:70,8,1,3
BRDA:70,9,0,3
BRDA:70,9,1,3
BRDA:70,9,2,3
BRDA:70,9,3,3
BRDA:74,10,0,2
BRDA:74,10,1,1
BRDA:76,11,0,0
BRDA:76,11,1,2
BRDA:80,12,0,7
BRDA:80,12,1,7
BRDA:83,13,0,0
BRDA:83,13,1,1
BRDA:90,14,0,0
BRDA:90,14,1,14
BRDA:90,15,0,14
BRDA:90,15,1,14
BRDA:90,15,2,14
BRDA:99,16,0,3
BRDA:99,16,1,11
BRDA:101,17,0,0
BRDA:101,17,1,2
BRDA:102,18,0,0
BRDA:102,18,1,2
BRDA:108,19,0,1
BRDA:108,19,1,0
BRDA:120,20,0,2
BRDA:120,20,1,14
BRDA:120,21,0,16
BRDA:120,21,1,16
BRDA:120,21,2,16
BRDA:120,21,3,15
BRDA:121,22,0,1
BRDA:121,22,1,13
BRDA:121,23,0,14
BRDA:121,23,1,14
BRDA:126,24,0,1
BRDA:126,24,1,12
BRDA:126,25,0,13
BRDA:126,25,1,2
BRDA:126,25,2,2
BRDA:126,25,3,1
BRDA:138,26,0,1
BRDA:138,26,1,9
BRDA:139,27,0,0
BRDA:139,27,1,9
BRDA:140,28,0,9
BRDA:140,28,1,0
BRDA:147,29,0,0
BRDA:147,29,1,2
BRDA:149,30,0,1
BRDA:149,30,1,1
BRDA:149,31,0,2
BRDA:149,31,1,1
BRDA:149,31,2,1
BRDA:149,31,3,1
BRDA:152,32,0,11
BRDA:152,32,1,1
BRDA:154,33,0,9
BRDA:154,33,1,2
BRDA:154,34,0,11
BRDA:154,34,1,11
BRDA:158,35,0,0
BRDA:158,35,1,1
BRDA:158,36,0,1
BRDA:158,36,1,1
BRDA:158,36,2,1
BRDA:158,36,3,1
BRDA:158,36,4,1
BRDA:164,37,0,0
BRDA:164,37,1,1
BRDA:164,38,0,1
BRDA:164,38,1,1
BRDA:168,39,0,0
BRDA:168,39,1,0
BRDA:168,40,0,0
BRDA:168,40,1,0
BRDA:170,41,0,1
BRDA:170,41,1,0
BRDA:170,42,0,1
BRDA:170,42,1,1
BRF:101
BRH:80
end_of_record
TN:
SF:src/composables/useProofreadReview.ts
FN:32,useProofreadReview
FN:35,(anonymous_1)
FN:36,(anonymous_2)
FN:41,(anonymous_3)
FN:42,(anonymous_4)
FN:44,(anonymous_5)
FN:44,(anonymous_6)
FN:45,(anonymous_7)
FN:45,(anonymous_8)
FN:48,(anonymous_9)
FN:50,(anonymous_10)
FN:54,getGlobalIndex
FN:56,(anonymous_12)
FN:59,canonicalIssue
FN:63,setDecision
FN:74,initialize
FN:86,mergeIssues
FN:89,(anonymous_17)
FN:94,(anonymous_18)
FN:107,reportFeedback
FN:111,(anonymous_20)
FN:117,(anonymous_21)
FN:121,applyPatch
FN:126,(anonymous_23)
FN:131,acceptOne
FN:141,acceptIssue
FN:145,deleteIssue
FN:149,ignoreIssue
FN:158,undoIssue
FN:165,longestFirst
FN:166,(anonymous_30)
FN:167,(anonymous_31)
FN:171,applyIssues
FN:186,acceptMatching
FN:192,(anonymous_34)
FN:196,handleAcceptAll
FN:198,(anonymous_36)
FN:220,restore
FN:233,(anonymous_38)
FN:243,serializeIssues
FNF:40
FNH:40
FNDA:52,useProofreadReview
FNDA:149,(anonymous_1)
FNDA:88,(anonymous_2)
FNDA:16,(anonymous_3)
FNDA:4,(anonymous_4)
FNDA:15,(anonymous_5)
FNDA:21,(anonymous_6)
FNDA:17,(anonymous_7)
FNDA:22,(anonymous_8)
FNDA:55,(anonymous_9)
FNDA:121,(anonymous_10)
FNDA:296,getGlobalIndex
FNDA:64,(anonymous_12)
FNDA:248,canonicalIssue
FNDA:125,setDecision
FNDA:64,initialize
FNDA:7,mergeIssues
FNDA:16,(anonymous_17)
FNDA:8,(anonymous_18)
FNDA:57,reportFeedback
FNDA:71,(anonymous_20)
FNDA:1,(anonymous_21)
FNDA:98,applyPatch
FNDA:39,(anonymous_23)
FNDA:39,acceptOne
FNDA:35,acceptIssue
FNDA:4,deleteIssue
FNDA:13,ignoreIssue
FNDA:42,undoIssue
FNDA:28,longestFirst
FNDA:96,(anonymous_30)
FNDA:48,(anonymous_31)
FNDA:14,applyIssues
FNDA:4,acceptMatching
FNDA:11,(anonymous_34)
FNDA:4,handleAcceptAll
FNDA:7,(anonymous_36)
FNDA:14,restore
FNDA:24,(anonymous_38)
FNDA:3,serializeIssues
DA:29,4
DA:30,4
DA:33,52
DA:34,52
DA:35,149
DA:36,88
DA:37,52
DA:38,52
DA:39,52
DA:41,52
DA:42,4
DA:44,52
DA:45,52
DA:48,52
DA:49,55
DA:50,121
DA:51,55
DA:55,296
DA:56,64
DA:60,248
DA:64,125
DA:65,325
DA:66,135
DA:67,135
DA:68,135
DA:69,62
DA:75,64
DA:76,64
DA:77,64
DA:78,64
DA:79,64
DA:87,7
DA:88,7
DA:89,16
DA:90,11
DA:91,4
DA:92,4
DA:94,8
DA:95,7
DA:96,2
DA:97,2
DA:98,2
DA:100,7
DA:101,7
DA:103,7
DA:108,57
DA:109,54
DA:111,71
DA:122,98
DA:123,98
DA:124,97
DA:125,82
DA:126,77
DA:127,68
DA:128,68
DA:132,39
DA:133,39
DA:134,39
DA:135,39
DA:136,30
DA:137,30
DA:142,35
DA:146,4
DA:150,13
DA:151,13
DA:152,12
DA:153,12
DA:154,12
DA:159,42
DA:160,42
DA:161,41
DA:162,41
DA:166,96
DA:167,48
DA:172,14
DA:173,14
DA:174,14
DA:175,47
DA:176,47
DA:177,47
DA:178,47
DA:180,14
DA:181,14
DA:182,14
DA:187,4
DA:188,4
DA:189,1
DA:190,1
DA:192,11
DA:197,4
DA:198,7
DA:200,4
DA:201,3
DA:202,3
DA:208,1
DA:210,2
DA:211,1
DA:212,1
DA:213,1
DA:221,14
DA:222,14
DA:223,14
DA:224,24
DA:226,5
DA:227,5
DA:228,1
DA:229,19
DA:230,2
DA:233,24
DA:234,14
DA:235,12
DA:236,12
DA:238,14
DA:239,14
DA:244,3
DA:247,52
LF:116
LH:116
BRDA:41,0,0,1
BRDA:41,0,1,15
BRDA:45,1,0,22
BRDA:45,1,1,15
BRDA:55,2,0,296
BRDA:55,2,1,32
BRDA:65,3,0,190
BRDA:65,3,1,135
BRDA:65,4,0,325
BRDA:65,4,1,200
BRDA:68,5,0,73
BRDA:68,5,1,62
BRDA:90,6,0,4
BRDA:90,6,1,7
BRDA:95,7,0,2
BRDA:95,7,1,5
BRDA:98,8,0,1
BRDA:98,8,1,1
BRDA:108,9,0,3
BRDA:108,9,1,54
BRDA:110,10,0,54
BRDA:110,10,1,46
BRDA:113,11,0,71
BRDA:113,11,1,11
BRDA:114,12,0,71
BRDA:114,12,1,0
BRDA:123,13,0,1
BRDA:123,13,1,97
BRDA:124,14,0,15
BRDA:124,14,1,82
BRDA:124,15,0,97
BRDA:124,15,1,83
BRDA:125,16,0,5
BRDA:125,16,1,77
BRDA:125,17,0,82
BRDA:125,17,1,79
BRDA:126,18,0,9
BRDA:126,18,1,68
BRDA:131,19,0,39
BRDA:133,20,0,38
BRDA:133,20,1,1
BRDA:134,21,0,7
BRDA:134,21,1,32
BRDA:135,22,0,9
BRDA:135,22,1,30
BRDA:151,23,0,1
BRDA:151,23,1,12
BRDA:151,24,0,13
BRDA:151,24,1,13
BRDA:151,24,2,12
BRDA:160,25,0,1
BRDA:160,25,1,41
BRDA:160,26,0,42
BRDA:160,26,1,42
BRDA:160,26,2,4
BRDA:166,27,0,89
BRDA:166,27,1,7
BRDA:176,28,0,47
BRDA:176,28,1,0
BRDA:177,29,0,29
BRDA:177,29,1,18
BRDA:178,30,0,5
BRDA:178,30,1,42
BRDA:181,31,0,3
BRDA:181,31,1,11
BRDA:188,32,0,1
BRDA:188,32,1,3
BRDA:192,33,0,11
BRDA:192,33,1,9
BRDA:192,33,2,9
BRDA:198,34,0,7
BRDA:198,34,1,7
BRDA:198,34,2,6
BRDA:198,34,3,6
BRDA:198,34,4,1
BRDA:200,35,0,1
BRDA:200,35,1,3
BRDA:210,36,0,1
BRDA:210,36,1,1
BRDA:212,37,0,1
BRDA:212,37,1,0
BRDA:224,38,0,5
BRDA:224,38,1,19
BRDA:226,39,0,3
BRDA:226,39,1,2
BRDA:227,40,0,4
BRDA:227,40,1,1
BRDA:229,41,0,2
BRDA:229,41,1,17
BRDA:229,42,0,19
BRDA:229,42,1,14
BRDA:233,43,0,24
BRDA:233,43,1,14
BRDA:234,44,0,2
BRDA:234,44,1,12
BRDA:236,45,0,3
BRDA:236,45,1,9
BRDA:238,46,0,3
BRDA:238,46,1,11
BRF:99
BRH:96
end_of_record
TN:
SF:src/directives/permission.ts
FN:10,mounted
FN:27,updated
FNF:2
FNH:0
FNDA:0,mounted
FNDA:0,updated
DA:9,0
DA:11,0
DA:12,0
DA:14,0
DA:17,0
DA:18,0
DA:19,0
DA:23,0
DA:24,0
DA:28,0
DA:29,0
DA:31,0
DA:33,0
DA:34,0
DA:36,0
LF:15
LH:0
BRDA:12,0,0,0
BRDA:12,0,1,0
BRDA:17,1,0,0
BRDA:17,1,1,0
BRDA:23,2,0,0
BRDA:23,2,1,0
BRDA:29,3,0,0
BRDA:29,3,1,0
BRDA:33,4,0,0
BRDA:33,4,1,0
BRDA:33,5,0,0
BRDA:33,5,1,0
BRF:12
BRH:0
end_of_record
TN:
SF:src/layouts/AdminLayout.vue
FN:163,checkMobile
FN:168,(anonymous_1)
FN:173,(anonymous_2)
FN:176,(anonymous_3)
FN:178,handleLogout
FN:2,(anonymous_5)
FN:4,(anonymous_6)
FN:18,(anonymous_7)
FN:27,(anonymous_8)
FN:25,(anonymous_9)
FN:26,(anonymous_10)
FN:26,(anonymous_11)
FN:33,(anonymous_12)
FN:31,(anonymous_13)
FN:32,(anonymous_14)
FN:32,(anonymous_15)
FN:39,(anonymous_16)
FN:37,(anonymous_17)
FN:38,(anonymous_18)
FN:38,(anonymous_19)
FN:45,(anonymous_20)
FN:43,(anonymous_21)
FN:44,(anonymous_22)
FN:44,(anonymous_23)
FN:51,(anonymous_24)
FN:49,(anonymous_25)
FN:50,(anonymous_26)
FN:50,(anonymous_27)
FN:57,(anonymous_28)
FN:55,(anonymous_29)
FN:56,(anonymous_30)
FN:56,(anonymous_31)
FN:63,(anonymous_32)
FN:61,(anonymous_33)
FN:62,(anonymous_34)
FN:62,(anonymous_35)
FN:69,(anonymous_36)
FN:67,(anonymous_37)
FN:68,(anonymous_38)
FN:68,(anonymous_39)
FN:75,(anonymous_40)
FN:73,(anonymous_41)
FN:74,(anonymous_42)
FN:74,(anonymous_43)
FN:81,(anonymous_44)
FN:79,(anonymous_45)
FN:80,(anonymous_46)
FN:80,(anonymous_47)
FN:87,(anonymous_48)
FN:85,(anonymous_49)
FN:86,(anonymous_50)
FN:86,(anonymous_51)
FN:27,(anonymous_52)
FN:33,(anonymous_53)
FN:39,(anonymous_54)
FN:45,(anonymous_55)
FN:51,(anonymous_56)
FN:57,(anonymous_57)
FN:63,(anonymous_58)
FN:69,(anonymous_59)
FN:75,(anonymous_60)
FN:81,(anonymous_61)
FN:87,(anonymous_62)
FN:95,(anonymous_63)
FN:97,(anonymous_64)
FN:101,(anonymous_65)
FN:99,(anonymous_66)
FN:106,(anonymous_67)
FN:107,(anonymous_68)
FN:110,(anonymous_69)
FN:107,(anonymous_70)
FN:110,(anonymous_71)
FN:116,(anonymous_72)
FN:114,(anonymous_73)
FN:118,(anonymous_74)
FN:118,(anonymous_75)
FN:130,(anonymous_76)
FN:131,(anonymous_77)
FN:132,(anonymous_78)
FN:133,(anonymous_79)
FN:133,(anonymous_80)
FN:120,(anonymous_81)
FN:122,(anonymous_82)
FN:126,(anonymous_83)
FN:103,(anonymous_84)
FN:121,(anonymous_85)
FN:142,(anonymous_86)
FN:98,(anonymous_87)
FN:143,(anonymous_88)
FN:8,(anonymous_89)
FN:96,(anonymous_90)
FNF:91
FNH:0
FNDA:0,checkMobile
FNDA:0,(anonymous_1)
FNDA:0,(anonymous_2)
FNDA:0,(anonymous_3)
FNDA:0,handleLogout
FNDA:0,(anonymous_5)
FNDA:0,(anonymous_6)
FNDA:0,(anonymous_7)
FNDA:0,(anonymous_8)
FNDA:0,(anonymous_9)
FNDA:0,(anonymous_10)
FNDA:0,(anonymous_11)
FNDA:0,(anonymous_12)
FNDA:0,(anonymous_13)
FNDA:0,(anonymous_14)
FNDA:0,(anonymous_15)
FNDA:0,(anonymous_16)
FNDA:0,(anonymous_17)
FNDA:0,(anonymous_18)
FNDA:0,(anonymous_19)
FNDA:0,(anonymous_20)
FNDA:0,(anonymous_21)
FNDA:0,(anonymous_22)
FNDA:0,(anonymous_23)
FNDA:0,(anonymous_24)
FNDA:0,(anonymous_25)
FNDA:0,(anonymous_26)
FNDA:0,(anonymous_27)
FNDA:0,(anonymous_28)
FNDA:0,(anonymous_29)
FNDA:0,(anonymous_30)
FNDA:0,(anonymous_31)
FNDA:0,(anonymous_32)
FNDA:0,(anonymous_33)
FNDA:0,(anonymous_34)
FNDA:0,(anonymous_35)
FNDA:0,(anonymous_36)
FNDA:0,(anonymous_37)
FNDA:0,(anonymous_38)
FNDA:0,(anonymous_39)
FNDA:0,(anonymous_40)
FNDA:0,(anonymous_41)
FNDA:0,(anonymous_42)
FNDA:0,(anonymous_43)
FNDA:0,(anonymous_44)
FNDA:0,(anonymous_45)
FNDA:0,(anonymous_46)
FNDA:0,(anonymous_47)
FNDA:0,(anonymous_48)
FNDA:0,(anonymous_49)
FNDA:0,(anonymous_50)
FNDA:0,(anonymous_51)
FNDA:0,(anonymous_52)
FNDA:0,(anonymous_53)
FNDA:0,(anonymous_54)
FNDA:0,(anonymous_55)
FNDA:0,(anonymous_56)
FNDA:0,(anonymous_57)
FNDA:0,(anonymous_58)
FNDA:0,(anonymous_59)
FNDA:0,(anonymous_60)
FNDA:0,(anonymous_61)
FNDA:0,(anonymous_62)
FNDA:0,(anonymous_63)
FNDA:0,(anonymous_64)
FNDA:0,(anonymous_65)
FNDA:0,(anonymous_66)
FNDA:0,(anonymous_67)
FNDA:0,(anonymous_68)
FNDA:0,(anonymous_69)
FNDA:0,(anonymous_70)
FNDA:0,(anonymous_71)
FNDA:0,(anonymous_72)
FNDA:0,(anonymous_73)
FNDA:0,(anonymous_74)
FNDA:0,(anonymous_75)
FNDA:0,(anonymous_76)
FNDA:0,(anonymous_77)
FNDA:0,(anonymous_78)
FNDA:0,(anonymous_79)
FNDA:0,(anonymous_80)
FNDA:0,(anonymous_81)
FNDA:0,(anonymous_82)
FNDA:0,(anonymous_83)
FNDA:0,(anonymous_84)
FNDA:0,(anonymous_85)
FNDA:0,(anonymous_86)
FNDA:0,(anonymous_87)
FNDA:0,(anonymous_88)
FNDA:0,(anonymous_89)
FNDA:0,(anonymous_90)
DA:2,0
DA:10,0
DA:12,0
DA:16,0
DA:17,0
DA:25,0
DA:26,0
DA:29,0
DA:30,0
DA:31,0
DA:32,0
DA:35,0
DA:37,0
DA:38,0
DA:41,0
DA:43,0
DA:44,0
DA:47,0
DA:49,0
DA:50,0
DA:53,0
DA:55,0
DA:56,0
DA:59,0
DA:61,0
DA:62,0
DA:65,0
DA:67,0
DA:68,0
DA:71,0
DA:73,0
DA:74,0
DA:77,0
DA:79,0
DA:80,0
DA:83,0
DA:85,0
DA:86,0
DA:89,0
DA:95,0
DA:96,0
DA:97,0
DA:101,0
DA:103,0
DA:106,0
DA:107,0
DA:109,0
DA:110,0
DA:112,0
DA:116,0
DA:118,0
DA:120,0
DA:126,0
DA:128,0
DA:129,0
DA:132,0
DA:133,0
DA:134,0
DA:135,0
DA:142,0
DA:143,0
DA:155,0
DA:156,0
DA:157,0
DA:158,0
DA:160,0
DA:161,0
DA:164,0
DA:165,0
DA:168,0
DA:169,0
DA:170,0
DA:173,0
DA:174,0
DA:176,0
DA:179,0
DA:180,0
LF:77
LH:0
BRDA:165,0,0,0
BRDA:165,0,1,0
BRDA:5,1,0,0
BRDA:5,1,1,0
BRDA:10,2,0,0
BRDA:8,3,0,0
BRDA:8,3,1,0
BRDA:103,4,0,0
BRDA:103,5,0,0
BRDA:103,5,1,0
BRF:10
BRH:0
end_of_record
TN:
SF:src/layouts/UserLayout.vue
FN:276,(anonymous_0)
FN:289,(anonymous_1)
FN:294,(anonymous_2)
FN:299,(anonymous_3)
FN:303,(anonymous_4)
FN:313,loadUsage
FN:321,(anonymous_6)
FN:322,(anonymous_7)
FN:322,(anonymous_8)
FN:330,handleLogout
FN:2,(anonymous_10)
FN:23,(anonymous_11)
FN:28,(anonymous_12)
FN:29,(anonymous_13)
FN:29,(anonymous_14)
FN:31,(anonymous_15)
FN:32,(anonymous_16)
FN:32,(anonymous_17)
FN:34,(anonymous_18)
FN:38,(anonymous_19)
FN:38,(anonymous_20)
FN:46,(anonymous_21)
FN:51,(anonymous_22)
FN:52,(anonymous_23)
FN:52,(anonymous_24)
FN:54,(anonymous_25)
FN:55,(anonymous_26)
FN:55,(anonymous_27)
FN:57,(anonymous_28)
FN:58,(anonymous_29)
FN:58,(anonymous_30)
FN:60,(anonymous_31)
FN:61,(anonymous_32)
FN:61,(anonymous_33)
FN:69,(anonymous_34)
FN:74,(anonymous_35)
FN:75,(anonymous_36)
FN:75,(anonymous_37)
FN:85,(anonymous_38)
FN:90,(anonymous_39)
FN:96,(anonymous_40)
FN:97,(anonymous_41)
FN:104,(anonymous_42)
FN:99,(anonymous_43)
FN:106,(anonymous_44)
FN:106,(anonymous_45)
FN:124,(anonymous_46)
FN:153,(anonymous_47)
FN:154,(anonymous_48)
FN:155,(anonymous_49)
FN:155,(anonymous_50)
FN:156,(anonymous_51)
FN:156,(anonymous_52)
FN:160,(anonymous_53)
FN:158,(anonymous_54)
FN:162,(anonymous_55)
FN:162,(anonymous_56)
FN:164,(anonymous_57)
FN:168,(anonymous_58)
FN:168,(anonymous_59)
FN:138,(anonymous_60)
FN:140,(anonymous_61)
FN:149,(anonymous_62)
FN:144,(anonymous_63)
FN:150,(anonymous_64)
FN:177,(anonymous_65)
FN:174,(anonymous_66)
FN:110,(anonymous_67)
FN:129,(anonymous_68)
FN:139,(anonymous_69)
FN:178,(anonymous_70)
FN:184,(anonymous_71)
FN:98,(anonymous_72)
FN:185,(anonymous_73)
FN:196,(anonymous_74)
FN:202,(anonymous_75)
FN:195,(anonymous_76)
FN:214,(anonymous_77)
FN:210,(anonymous_78)
FN:216,(anonymous_79)
FN:217,(anonymous_80)
FN:217,(anonymous_81)
FN:219,(anonymous_82)
FN:220,(anonymous_83)
FN:220,(anonymous_84)
FN:222,(anonymous_85)
FN:226,(anonymous_86)
FN:226,(anonymous_87)
FN:228,(anonymous_88)
FN:232,(anonymous_89)
FN:232,(anonymous_90)
FN:234,(anonymous_91)
FN:238,(anonymous_92)
FN:238,(anonymous_93)
FN:240,(anonymous_94)
FN:244,(anonymous_95)
FN:244,(anonymous_96)
FN:246,(anonymous_97)
FN:247,(anonymous_98)
FN:247,(anonymous_99)
FN:249,(anonymous_100)
FN:253,(anonymous_101)
FN:253,(anonymous_102)
FN:6,(anonymous_103)
FN:85,(anonymous_104)
FN:90,(anonymous_105)
FN:203,(anonymous_106)
FNF:107
FNH:0
FNDA:0,(anonymous_0)
FNDA:0,(anonymous_1)
FNDA:0,(anonymous_2)
FNDA:0,(anonymous_3)
FNDA:0,(anonymous_4)
FNDA:0,loadUsage
FNDA:0,(anonymous_6)
FNDA:0,(anonymous_7)
FNDA:0,(anonymous_8)
FNDA:0,handleLogout
FNDA:0,(anonymous_10)
FNDA:0,(anonymous_11)
FNDA:0,(anonymous_12)
FNDA:0,(anonymous_13)
FNDA:0,(anonymous_14)
FNDA:0,(anonymous_15)
FNDA:0,(anonymous_16)
FNDA:0,(anonymous_17)
FNDA:0,(anonymous_18)
FNDA:0,(anonymous_19)
FNDA:0,(anonymous_20)
FNDA:0,(anonymous_21)
FNDA:0,(anonymous_22)
FNDA:0,(anonymous_23)
FNDA:0,(anonymous_24)
FNDA:0,(anonymous_25)
FNDA:0,(anonymous_26)
FNDA:0,(anonymous_27)
FNDA:0,(anonymous_28)
FNDA:0,(anonymous_29)
FNDA:0,(anonymous_30)
FNDA:0,(anonymous_31)
FNDA:0,(anonymous_32)
FNDA:0,(anonymous_33)
FNDA:0,(anonymous_34)
FNDA:0,(anonymous_35)
FNDA:0,(anonymous_36)
FNDA:0,(anonymous_37)
FNDA:0,(anonymous_38)
FNDA:0,(anonymous_39)
FNDA:0,(anonymous_40)
FNDA:0,(anonymous_41)
FNDA:0,(anonymous_42)
FNDA:0,(anonymous_43)
FNDA:0,(anonymous_44)
FNDA:0,(anonymous_45)
FNDA:0,(anonymous_46)
FNDA:0,(anonymous_47)
FNDA:0,(anonymous_48)
FNDA:0,(anonymous_49)
FNDA:0,(anonymous_50)
FNDA:0,(anonymous_51)
FNDA:0,(anonymous_52)
FNDA:0,(anonymous_53)
FNDA:0,(anonymous_54)
FNDA:0,(anonymous_55)
FNDA:0,(anonymous_56)
FNDA:0,(anonymous_57)
FNDA:0,(anonymous_58)
FNDA:0,(anonymous_59)
FNDA:0,(anonymous_60)
FNDA:0,(anonymous_61)
FNDA:0,(anonymous_62)
FNDA:0,(anonymous_63)
FNDA:0,(anonymous_64)
FNDA:0,(anonymous_65)
FNDA:0,(anonymous_66)
FNDA:0,(anonymous_67)
FNDA:0,(anonymous_68)
FNDA:0,(anonymous_69)
FNDA:0,(anonymous_70)
FNDA:0,(anonymous_71)
FNDA:0,(anonymous_72)
FNDA:0,(anonymous_73)
FNDA:0,(anonymous_74)
FNDA:0,(anonymous_75)
FNDA:0,(anonymous_76)
FNDA:0,(anonymous_77)
FNDA:0,(anonymous_78)
FNDA:0,(anonymous_79)
FNDA:0,(anonymous_80)
FNDA:0,(anonymous_81)
FNDA:0,(anonymous_82)
FNDA:0,(anonymous_83)
FNDA:0,(anonymous_84)
FNDA:0,(anonymous_85)
FNDA:0,(anonymous_86)
FNDA:0,(anonymous_87)
FNDA:0,(anonymous_88)
FNDA:0,(anonymous_89)
FNDA:0,(anonymous_90)
FNDA:0,(anonymous_91)
FNDA:0,(anonymous_92)
FNDA:0,(anonymous_93)
FNDA:0,(anonymous_94)
FNDA:0,(anonymous_95)
FNDA:0,(anonymous_96)
FNDA:0,(anonymous_97)
FNDA:0,(anonymous_98)
FNDA:0,(anonymous_99)
FNDA:0,(anonymous_100)
FNDA:0,(anonymous_101)
FNDA:0,(anonymous_102)
FNDA:0,(anonymous_103)
FNDA:0,(anonymous_104)
FNDA:0,(anonymous_105)
FNDA:0,(anonymous_106)
DA:2,0
DA:6,0
DA:10,0
DA:28,0
DA:29,0
DA:30,0
DA:31,0
DA:32,0
DA:35,0
DA:36,0
DA:38,0
DA:42,0
DA:51,0
DA:52,0
DA:53,0
DA:54,0
DA:55,0
DA:57,0
DA:58,0
DA:60,0
DA:61,0
DA:74,0
DA:75,0
DA:76,0
DA:82,0
DA:85,0
DA:86,0
DA:90,0
DA:96,0
DA:97,0
DA:104,0
DA:106,0
DA:110,0
DA:113,0
DA:121,0
DA:125,0
DA:132,0
DA:135,0
DA:137,0
DA:138,0
DA:144,0
DA:147,0
DA:149,0
DA:150,0
DA:152,0
DA:155,0
DA:156,0
DA:157,0
DA:159,0
DA:160,0
DA:162,0
DA:168,0
DA:170,0
DA:177,0
DA:180,0
DA:182,0
DA:184,0
DA:185,0
DA:187,0
DA:190,0
DA:196,0
DA:205,0
DA:208,0
DA:214,0
DA:216,0
DA:217,0
DA:218,0
DA:219,0
DA:220,0
DA:223,0
DA:224,0
DA:226,0
DA:229,0
DA:230,0
DA:232,0
DA:235,0
DA:236,0
DA:238,0
DA:241,0
DA:242,0
DA:244,0
DA:246,0
DA:247,0
DA:250,0
DA:251,0
DA:253,0
DA:255,0
DA:270,0
DA:272,0
DA:273,0
DA:274,0
DA:275,0
DA:276,0
DA:277,0
DA:279,0
DA:289,0
DA:292,0
DA:294,0
DA:295,0
DA:296,0
DA:297,0
DA:299,0
DA:300,0
DA:301,0
DA:303,0
DA:304,0
DA:305,0
DA:306,0
DA:312,0
DA:314,0
DA:315,0
DA:316,0
DA:317,0
DA:318,0
DA:321,0
DA:322,0
DA:323,0
DA:324,0
DA:325,0
DA:326,0
DA:327,0
DA:331,0
DA:332,0
LF:123
LH:0
BRDA:276,0,0,0
BRDA:276,0,1,0
BRDA:289,1,0,0
BRDA:289,1,1,0
BRDA:289,2,0,0
BRDA:289,2,1,0
BRDA:295,3,0,0
BRDA:295,3,1,0
BRDA:297,4,0,0
BRDA:297,4,1,0
BRDA:301,5,0,0
BRDA:301,5,1,0
BRDA:301,5,2,0
BRDA:301,5,3,0
BRDA:305,6,0,0
BRDA:305,6,1,0
BRDA:306,7,0,0
BRDA:306,7,1,0
BRDA:314,8,0,0
BRDA:314,8,1,0
BRDA:323,9,0,0
BRDA:323,9,1,0
BRDA:325,10,0,0
BRDA:325,10,1,0
BRDA:35,11,0,0
BRDA:35,12,0,0
BRDA:35,12,1,0
BRDA:35,13,0,0
BRDA:42,14,0,0
BRDA:82,15,0,0
BRDA:82,15,1,0
BRDA:85,16,0,0
BRDA:85,16,1,0
BRDA:86,17,0,0
BRDA:86,17,1,0
BRDA:125,18,0,0
BRDA:125,19,0,0
BRDA:125,19,1,0
BRDA:137,20,0,0
BRDA:159,21,0,0
BRDA:159,22,0,0
BRDA:159,22,1,0
BRDA:159,23,0,0
BRDA:125,24,0,0
BRDA:137,25,0,0
BRDA:137,25,1,0
BRDA:187,26,0,0
BRDA:187,27,0,0
BRDA:187,27,1,0
BRDA:223,28,0,0
BRDA:223,29,0,0
BRDA:223,29,1,0
BRDA:229,30,0,0
BRDA:235,31,0,0
BRDA:241,32,0,0
BRDA:250,33,0,0
BRDA:223,34,0,0
BRDA:229,35,0,0
BRDA:235,36,0,0
BRDA:241,37,0,0
BRDA:250,38,0,0
BRDA:42,39,0,0
BRF:62
BRH:0
end_of_record
TN:
SF:src/router/index.ts
FN:12,(anonymous_0)
FN:18,(anonymous_1)
FN:24,(anonymous_2)
FN:33,(anonymous_3)
FN:39,(anonymous_4)
FN:45,(anonymous_5)
FN:51,(anonymous_6)
FN:57,(anonymous_7)
FN:63,(anonymous_8)
FN:69,(anonymous_9)
FN:75,(anonymous_10)
FN:81,(anonymous_11)
FN:87,(anonymous_12)
FN:98,(anonymous_13)
FN:105,(anonymous_14)
FN:111,(anonymous_15)
FN:117,(anonymous_16)
FN:123,(anonymous_17)
FN:129,(anonymous_18)
FN:135,(anonymous_19)
FN:141,(anonymous_20)
FN:147,(anonymous_21)
FN:153,(anonymous_22)
FN:159,(anonymous_23)
FN:165,(anonymous_24)
FN:179,(anonymous_25)
FNF:26
FNH:0
FNDA:0,(anonymous_0)
FNDA:0,(anonymous_1)
FNDA:0,(anonymous_2)
FNDA:0,(anonymous_3)
FNDA:0,(anonymous_4)
FNDA:0,(anonymous_5)
FNDA:0,(anonymous_6)
FNDA:0,(anonymous_7)
FNDA:0,(anonymous_8)
FNDA:0,(anonymous_9)
FNDA:0,(anonymous_10)
FNDA:0,(anonymous_11)
FNDA:0,(anonymous_12)
FNDA:0,(anonymous_13)
FNDA:0,(anonymous_14)
FNDA:0,(anonymous_15)
FNDA:0,(anonymous_16)
FNDA:0,(anonymous_17)
FNDA:0,(anonymous_18)
FNDA:0,(anonymous_19)
FNDA:0,(anonymous_20)
FNDA:0,(anonymous_21)
FNDA:0,(anonymous_22)
FNDA:0,(anonymous_23)
FNDA:0,(anonymous_24)
FNDA:0,(anonymous_25)
DA:8,0
DA:12,0
DA:18,0
DA:24,0
DA:30,0
DA:33,0
DA:39,0
DA:45,0
DA:51,0
DA:57,0
DA:63,0
DA:69,0
DA:75,0
DA:81,0
DA:87,0
DA:95,0
DA:98,0
DA:105,0
DA:111,0
DA:117,0
DA:123,0
DA:129,0
DA:135,0
DA:141,0
DA:147,0
DA:153,0
DA:159,0
DA:165,0
DA:172,0
DA:179,0
DA:180,0
DA:183,0
DA:184,0
DA:188,0
DA:189,0
DA:190,0
DA:194,0
DA:195,0
DA:198,0
DA:199,0
DA:200,0
DA:201,0
DA:206,0
LF:43
LH:0
BRDA:183,0,0,0
BRDA:183,0,1,0
BRDA:183,1,0,0
BRDA:183,1,1,0
BRDA:188,2,0,0
BRDA:188,2,1,0
BRDA:188,3,0,0
BRDA:188,3,1,0
BRDA:189,4,0,0
BRDA:189,4,1,0
BRDA:190,5,0,0
BRDA:190,5,1,0
BRDA:198,6,0,0
BRDA:198,6,1,0
BRDA:198,7,0,0
BRDA:198,7,1,0
BRDA:198,7,2,0
BRDA:200,8,0,0
BRDA:200,8,1,0
BRDA:206,9,0,0
BRDA:206,9,1,0
BRF:21
BRH:0
end_of_record
TN:
SF:src/stores/site.ts
FN:12,(anonymous_0)
FN:25,(anonymous_1)
FN:28,loadSiteConfig
FN:52,ensureLoaded
FN:55,(anonymous_4)
FN:63,applyConfig
FN:78,updateDocumentTitle
FN:86,updateFavicon
FNF:8
FNH:0
FNDA:0,(anonymous_0)
FNDA:0,(anonymous_1)
FNDA:0,loadSiteConfig
FNDA:0,ensureLoaded
FNDA:0,(anonymous_4)
FNDA:0,applyConfig
FNDA:0,updateDocumentTitle
FNDA:0,updateFavicon
DA:10,0
DA:12,0
DA:14,0
DA:15,0
DA:16,0
DA:17,0
DA:18,0
DA:19,0
DA:20,0
DA:21,0
DA:22,0
DA:25,0
DA:29,0
DA:30,0
DA:31,0
DA:32,0
DA:33,0
DA:34,0
DA:35,0
DA:36,0
DA:37,0
DA:38,0
DA:39,0
DA:42,0
DA:44,0
DA:46,0
DA:51,0
DA:53,0
DA:54,0
DA:55,0
DA:56,0
DA:59,0
DA:64,0
DA:65,0
DA:66,0
DA:67,0
DA:68,0
DA:69,0
DA:70,0
DA:71,0
DA:72,0
DA:73,0
DA:77,0
DA:79,0
DA:80,0
DA:87,0
DA:88,0
DA:89,0
DA:90,0
DA:91,0
DA:93,0
DA:96,0
LF:52
LH:0
BRDA:31,0,0,0
BRDA:31,0,1,0
BRDA:32,1,0,0
BRDA:32,1,1,0
BRDA:34,2,0,0
BRDA:34,2,1,0
BRDA:35,3,0,0
BRDA:35,3,1,0
BRDA:36,4,0,0
BRDA:36,4,1,0
BRDA:37,5,0,0
BRDA:37,5,1,0
BRDA:38,6,0,0
BRDA:38,6,1,0
BRDA:53,7,0,0
BRDA:53,7,1,0
BRDA:54,8,0,0
BRDA:54,8,1,0
BRDA:64,9,0,0
BRDA:64,9,1,0
BRDA:65,10,0,0
BRDA:65,10,1,0
BRDA:67,11,0,0
BRDA:67,11,1,0
BRDA:68,12,0,0
BRDA:68,12,1,0
BRDA:69,13,0,0
BRDA:69,13,1,0
BRDA:70,14,0,0
BRDA:70,14,1,0
BRDA:71,15,0,0
BRDA:71,15,1,0
BRDA:79,16,0,0
BRDA:79,16,1,0
BRDA:80,17,0,0
BRDA:80,17,1,0
BRDA:88,18,0,0
BRDA:88,18,1,0
BRF:38
BRH:0
end_of_record
TN:
SF:src/stores/user.ts
FN:9,(anonymous_0)
FN:16,(anonymous_1)
FN:17,(anonymous_2)
FN:20,login
FN:33,fetchUserInfo
FN:41,logout
FN:50,hasPermission
FNF:7
FNH:7
FNDA:3,(anonymous_0)
FNDA:2,(anonymous_1)
FNDA:2,(anonymous_2)
FNDA:4,login
FNDA:4,fetchUserInfo
FNDA:1,logout
FNDA:3,hasPermission
DA:9,1
DA:11,3
DA:12,3
DA:13,3
DA:16,3
DA:17,3
DA:21,4
DA:22,4
DA:23,4
DA:24,4
DA:25,1
DA:28,4
DA:29,4
DA:34,4
DA:35,4
DA:36,4
DA:37,4
DA:42,1
DA:43,1
DA:44,1
DA:45,1
DA:46,1
DA:51,3
DA:52,2
DA:55,3
LF:25
LH:25
BRDA:11,0,0,3
BRDA:11,0,1,3
BRDA:24,1,0,1
BRDA:24,1,1,3
BRDA:36,2,0,4
BRDA:36,2,1,0
BRDA:51,3,0,1
BRDA:51,3,1,2
BRF:8
BRH:7
end_of_record
TN:
SF:src/utils/clipboard.ts
FN:6,compactPlainText
FN:13,(anonymous_1)
FN:19,htmlToPlainText
FN:26,copyRichTextBySelection
FN:51,compactRichHtml
FN:55,(anonymous_5)
FN:62,(anonymous_6)
FN:69,(anonymous_7)
FN:77,(anonymous_8)
FNF:9
FNH:0
FNDA:0,compactPlainText
FNDA:0,(anonymous_1)
FNDA:0,htmlToPlainText
FNDA:0,copyRichTextBySelection
FNDA:0,compactRichHtml
FNDA:0,(anonymous_5)
FNDA:0,(anonymous_6)
FNDA:0,(anonymous_7)
FNDA:0,(anonymous_8)
DA:7,0
DA:13,0
DA:20,0
DA:21,0
DA:22,0
DA:27,0
DA:28,0
DA:29,0
DA:30,0
DA:31,0
DA:32,0
DA:33,0
DA:35,0
DA:36,0
DA:37,0
DA:38,0
DA:39,0
DA:41,0
DA:42,0
DA:43,0
DA:45,0
DA:46,0
DA:52,0
DA:53,0
DA:55,0
DA:56,0
DA:57,0
DA:58,0
DA:59,0
DA:62,0
DA:63,0
DA:64,0
DA:65,0
DA:66,0
DA:69,0
DA:70,0
DA:71,0
DA:72,0
DA:73,0
DA:77,0
DA:78,0
DA:79,0
DA:83,0
LF:43
LH:0
BRDA:32,0,0,0
BRDA:32,0,1,0
BRDA:45,1,0,0
BRDA:45,1,1,0
BRDA:58,2,0,0
BRDA:58,2,1,0
BRDA:72,3,0,0
BRDA:72,3,1,0
BRDA:72,4,0,0
BRDA:72,4,1,0
BRDA:72,4,2,0
BRDA:72,4,3,0
BRDA:78,5,0,0
BRDA:78,5,1,0
BRF:14
BRH:0
end_of_record
TN:
SF:src/utils/collaboration.ts
FN:10,collaborationCoverageLabel
FN:13,findingKey
FN:14,(anonymous_2)
FN:18,collaborationFindingMap
FN:19,(anonymous_4)
FN:21,findCollaborationFinding
FN:24,collaborationProvenance
FN:26,(anonymous_7)
FNF:8
FNH:8
FNDA:12,collaborationCoverageLabel
FNDA:14,findingKey
FNDA:28,(anonymous_2)
FNDA:7,collaborationFindingMap
FNDA:7,(anonymous_4)
FNDA:7,findCollaborationFinding
FNDA:3,collaborationProvenance
FNDA:3,(anonymous_7)
DA:4,3
DA:5,3
DA:8,3
DA:9,3
DA:11,12
DA:14,28
DA:15,14
DA:19,7
DA:22,7
DA:25,3
DA:26,3
DA:27,3
LF:12
LH:12
BRDA:11,0,0,2
BRDA:11,0,1,10
BRDA:11,1,0,1
BRDA:11,1,1,9
BRDA:14,2,0,4
BRDA:14,2,1,24
BRDA:14,3,0,28
BRDA:14,3,1,26
BRDA:19,4,0,7
BRDA:19,4,1,0
BRDA:25,5,0,2
BRDA:25,5,1,1
BRDA:25,6,0,0
BRDA:25,6,1,1
BRDA:26,7,0,3
BRDA:26,7,1,2
BRDA:26,7,2,0
BRDA:27,8,0,3
BRDA:27,8,1,1
BRDA:27,9,0,3
BRDA:27,9,1,0
BRF:21
BRH:17
end_of_record
TN:
SF:src/utils/compareReview.ts
FN:7,serializeCompareReview
FN:10,(anonymous_1)
FN:19,(anonymous_2)
FN:36,restoreCompareReview
FN:38,(anonymous_4)
FN:45,modelReviewIssues
FN:46,(anonymous_6)
FN:47,(anonymous_7)
FN:53,compareCoverageLabel
FN:54,(anonymous_9)
FN:55,(anonymous_10)
FNF:11
FNH:11
FNDA:196,serializeCompareReview
FNDA:155,(anonymous_1)
FNDA:162,(anonymous_2)
FNDA:7,restoreCompareReview
FNDA:13,(anonymous_4)
FNDA:41,modelReviewIssues
FNDA:117,(anonymous_6)
FNDA:83,(anonymous_7)
FNDA:58,compareCoverageLabel
FNDA:63,(anonymous_9)
FNDA:5,(anonymous_10)
DA:8,196
DA:9,80
DA:10,155
DA:19,162
DA:37,7
DA:38,7
DA:39,13
DA:40,13
DA:42,7
DA:46,117
DA:47,41
DA:48,83
DA:49,83
DA:54,63
DA:55,5
DA:56,1
LF:16
LH:16
BRDA:8,0,0,116
BRDA:8,0,1,80
BRDA:14,1,0,155
BRDA:14,1,1,3
BRDA:15,2,0,155
BRDA:15,2,1,3
BRDA:17,3,0,155
BRDA:17,3,1,154
BRDA:24,4,0,162
BRDA:24,4,1,31
BRDA:25,5,0,162
BRDA:25,5,1,161
BRDA:26,6,0,20
BRDA:26,6,1,142
BRDA:26,7,0,162
BRDA:26,7,1,152
BRDA:27,8,0,20
BRDA:27,8,1,142
BRDA:27,9,0,162
BRDA:27,9,1,152
BRDA:31,10,0,149
BRDA:31,10,1,6
BRDA:54,11,0,55
BRDA:54,11,1,3
BRDA:54,12,0,63
BRDA:54,12,1,62
BRDA:55,13,0,2
BRDA:55,13,1,1
BRF:28
BRH:28
end_of_record
TN:
SF:src/utils/debounce.ts
FN:5,debounce
FN:7,(anonymous_1)
FN:9,(anonymous_2)
FNF:3
FNH:0
FNDA:0,debounce
FNDA:0,(anonymous_1)
FNDA:0,(anonymous_2)
DA:7,0
DA:8,0
DA:9,0
LF:3
LH:0
BRDA:5,0,0,0
BRDA:8,1,0,0
BRDA:8,1,1,0
BRF:3
BRH:0
end_of_record
TN:
SF:src/utils/format.ts
FN:5,formatTime
FN:10,formatSize
FNF:2
FNH:2
FNDA:7,formatTime
FNDA:5,formatSize
DA:6,7
DA:7,1
DA:11,5
DA:12,4
DA:13,2
LF:5
LH:5
BRDA:6,0,0,6
BRDA:6,0,1,1
BRDA:11,1,0,1
BRDA:11,1,1,4
BRDA:12,2,0,2
BRDA:12,2,1,2
BRF:6
BRH:6
end_of_record
TN:
SF:src/utils/proofread.ts
FN:29,escapeHtml
FN:38,severityHighlight
FN:47,severityColor
FN:56,severityLabel
FN:65,typeLabel
FN:77,computeSensitiveDeletion
FN:89,replaceTextInHtml
FN:91,(anonymous_7)
FN:112,highlightIssues
FN:118,(anonymous_9)
FN:119,(anonymous_10)
FN:135,downloadTextFile
FNF:12
FNH:9
FNDA:30,escapeHtml
FNDA:0,severityHighlight
FNDA:52,severityColor
FNDA:26,severityLabel
FNDA:344,typeLabel
FNDA:0,computeSensitiveDeletion
FNDA:7,replaceTextInHtml
FNDA:14,(anonymous_7)
FNDA:4,highlightIssues
FNDA:6,(anonymous_9)
FNDA:2,(anonymous_10)
FNDA:0,downloadTextFile
DA:6,5
DA:12,5
DA:19,5
DA:26,5
DA:30,30
DA:39,0
DA:40,0
DA:41,0
DA:42,0
DA:48,52
DA:49,0
DA:50,52
DA:51,0
DA:57,26
DA:58,0
DA:59,26
DA:60,0
DA:66,344
DA:70,344
DA:81,0
DA:82,0
DA:83,0
DA:84,0
DA:85,0
DA:90,7
DA:91,7
DA:92,14
DA:93,7
DA:117,4
DA:118,6
DA:119,2
DA:120,4
DA:121,4
DA:122,6
DA:123,6
DA:124,6
DA:125,6
DA:126,5
DA:128,4
DA:129,5
DA:131,4
DA:136,0
DA:137,0
DA:138,0
DA:139,0
DA:140,0
DA:141,0
DA:142,0
LF:48
LH:28
BRDA:39,0,0,0
BRDA:39,0,1,0
BRDA:39,0,2,0
BRDA:48,1,0,0
BRDA:48,1,1,52
BRDA:48,1,2,0
BRDA:57,2,0,0
BRDA:57,2,1,26
BRDA:57,2,2,0
BRDA:70,3,0,344
BRDA:70,3,1,1
BRDA:82,4,0,0
BRDA:82,4,1,0
BRDA:84,5,0,0
BRDA:84,5,1,0
BRDA:84,6,0,0
BRDA:84,6,1,0
BRDA:92,7,0,7
BRDA:92,7,1,7
BRDA:92,8,0,14
BRDA:92,8,1,9
BRDA:125,9,0,1
BRDA:125,9,1,5
BRF:23
BRH:10
end_of_record
TN:
SF:src/utils/proofreadCoverage.ts
FN:3,applyChunkRetry
FN:8,(anonymous_1)
FN:10,(anonymous_2)
FN:17,(anonymous_3)
FN:19,(anonymous_4)
FNF:5
FNH:5
FNDA:7,applyChunkRetry
FNDA:13,(anonymous_1)
FNDA:3,(anonymous_2)
FNDA:5,(anonymous_3)
FNDA:5,(anonymous_4)
DA:8,13
DA:9,7
DA:10,6
DA:16,6
DA:17,6
DA:18,6
DA:19,6
DA:25,6
LF:8
LH:8
BRDA:8,0,0,13
BRDA:8,0,1,7
BRDA:9,1,0,1
BRDA:9,1,1,6
BRDA:12,2,0,2
BRDA:12,2,1,1
BRDA:22,3,0,4
BRDA:22,3,1,1
BRDA:22,4,0,5
BRDA:22,4,1,4
BRDA:23,5,0,4
BRDA:23,5,1,1
BRDA:23,6,0,5
BRDA:23,6,1,4
BRDA:28,7,0,5
BRDA:28,7,1,1
BRF:16
BRH:16
end_of_record
TN:
SF:src/utils/qualityFeedback.ts
FN:8,findFeedbackTargets
FN:14,(anonymous_1)
FN:23,feedbackTargetParts
FN:32,feedbackSampleError
FN:41,(anonymous_4)
FN:45,(anonymous_5)
FN:48,(anonymous_6)
FN:54,initialFeedbackSample
FN:67,(anonymous_8)
FN:74,feedbackSnapshotLabel
FN:83,defaultFeedbackModels
FN:84,(anonymous_11)
FN:85,(anonymous_12)
FN:88,serializeFeedbackReport
FNF:14
FNH:14
FNDA:42,findFeedbackTargets
FNDA:280,(anonymous_1)
FNDA:122,feedbackTargetParts
FNDA:37,feedbackSampleError
FNDA:34,(anonymous_4)
FNDA:20,(anonymous_5)
FNDA:9,(anonymous_6)
FNDA:170,initialFeedbackSample
FNDA:166,(anonymous_8)
FNDA:7,feedbackSnapshotLabel
FNDA:25,defaultFeedbackModels
FNDA:48,(anonymous_11)
FNDA:120,(anonymous_12)
FNDA:3,serializeFeedbackReport
DA:4,2
DA:5,2
DA:9,42
DA:10,42
DA:11,42
DA:12,39
DA:13,39
DA:14,280
DA:15,68
DA:16,68
DA:17,68
DA:18,68
DA:20,213
DA:24,122
DA:25,122
DA:27,122
DA:33,37
DA:34,37
DA:35,36
DA:36,35
DA:37,3
DA:39,32
DA:40,32
DA:41,34
DA:42,31
DA:43,37
DA:44,37
DA:45,60
DA:46,58
DA:48,27
DA:49,25
DA:50,24
DA:55,170
DA:60,161
DA:67,166
DA:75,7
DA:76,5
DA:77,4
DA:78,2
DA:79,0
DA:80,0
DA:84,48
DA:85,120
DA:89,3
LF:44
LH:42
BRDA:11,0,0,3
BRDA:11,0,1,39
BRDA:11,1,0,42
BRDA:11,1,1,39
BRDA:14,2,0,145
BRDA:14,2,1,68
BRDA:25,3,0,122
BRDA:25,3,1,122
BRDA:25,3,2,122
BRDA:25,3,3,117
BRDA:25,3,4,117
BRDA:25,3,5,117
BRDA:27,4,0,116
BRDA:27,4,1,6
BRDA:34,5,0,1
BRDA:34,5,1,36
BRDA:34,6,0,37
BRDA:34,6,1,37
BRDA:35,7,0,1
BRDA:35,7,1,35
BRDA:36,8,0,3
BRDA:36,8,1,32
BRDA:39,9,0,0
BRDA:39,9,1,32
BRDA:40,10,0,0
BRDA:40,10,1,32
BRDA:41,11,0,1
BRDA:41,11,1,31
BRDA:41,12,0,32
BRDA:41,12,1,29
BRDA:42,13,0,31
BRDA:42,13,1,0
BRDA:43,14,0,37
BRDA:43,14,1,0
BRDA:45,15,0,2
BRDA:45,15,1,58
BRDA:45,16,0,60
BRDA:45,16,1,59
BRDA:46,17,0,2
BRDA:46,17,1,56
BRDA:48,18,0,2
BRDA:48,18,1,25
BRDA:49,19,0,1
BRDA:49,19,1,24
BRDA:49,20,0,25
BRDA:49,20,1,18
BRDA:49,20,2,17
BRDA:55,21,0,9
BRDA:55,21,1,161
BRDA:57,22,0,9
BRDA:57,22,1,1
BRDA:58,23,0,9
BRDA:58,23,1,1
BRDA:62,24,0,160
BRDA:62,24,1,1
BRDA:62,25,0,161
BRDA:62,25,1,2
BRDA:66,26,0,6
BRDA:66,26,1,155
BRDA:66,27,0,170
BRDA:66,27,1,159
BRDA:67,28,0,160
BRDA:67,28,1,1
BRDA:70,29,0,4
BRDA:70,29,1,157
BRDA:75,30,0,2
BRDA:75,30,1,5
BRDA:76,31,0,1
BRDA:76,31,1,4
BRDA:77,32,0,2
BRDA:77,32,1,2
BRDA:78,33,0,2
BRDA:78,33,1,0
BRDA:79,34,0,0
BRDA:79,34,1,0
BRDA:80,35,0,0
BRDA:80,35,1,0
BRDA:85,36,0,24
BRDA:85,36,1,1
BRF:79
BRH:70
end_of_record
TN:
SF:src/utils/request.ts
FN:22,refreshAccessToken
FN:42,clearAuthAndRedirect
FN:51,(anonymous_2)
FN:58,(anonymous_3)
FN:65,(anonymous_4)
FN:68,(anonymous_5)
FN:103,(anonymous_6)
FN:104,(anonymous_7)
FN:117,(anonymous_8)
FN:170,getErrorDetail
FNF:10
FNH:0
FNDA:0,refreshAccessToken
FNDA:0,clearAuthAndRedirect
FNDA:0,(anonymous_2)
FNDA:0,(anonymous_3)
FNDA:0,(anonymous_4)
FNDA:0,(anonymous_5)
FNDA:0,(anonymous_6)
FNDA:0,(anonymous_7)
FNDA:0,(anonymous_8)
FNDA:0,getErrorDetail
DA:10,0
DA:19,0
DA:20,0
DA:23,0
DA:24,0
DA:27,0
DA:31,0
DA:32,0
DA:34,0
DA:35,0
DA:36,0
DA:39,0
DA:43,0
DA:44,0
DA:45,0
DA:46,0
DA:50,0
DA:52,0
DA:53,0
DA:54,0
DA:56,0
DA:59,0
DA:64,0
DA:66,0
DA:69,0
DA:70,0
DA:72,0
DA:73,0
DA:75,0
DA:77,0
DA:78,0
DA:79,0
DA:80,0
DA:84,0
DA:85,0
DA:86,0
DA:90,0
DA:91,0
DA:92,0
DA:96,0
DA:97,0
DA:98,0
DA:102,0
DA:103,0
DA:104,0
DA:105,0
DA:106,0
DA:107,0
DA:112,0
DA:113,0
DA:114,0
DA:115,0
DA:116,0
DA:117,0
DA:118,0
DA:120,0
DA:121,0
DA:125,0
DA:127,0
DA:130,0
DA:131,0
DA:134,0
DA:135,0
DA:137,0
DA:138,0
DA:140,0
DA:141,0
DA:143,0
DA:144,0
DA:146,0
DA:147,0
DA:149,0
DA:150,0
DA:152,0
DA:154,0
DA:155,0
DA:157,0
DA:160,0
DA:171,0
DA:172,0
LF:80
LH:0
BRDA:24,0,0,0
BRDA:24,0,1,0
BRDA:35,1,0,0
BRDA:35,1,1,0
BRDA:53,2,0,0
BRDA:53,2,1,0
BRDA:53,3,0,0
BRDA:53,3,1,0
BRDA:69,4,0,0
BRDA:69,4,1,0
BRDA:72,5,0,0
BRDA:72,5,1,0
BRDA:75,6,0,0
BRDA:75,6,1,0
BRDA:75,6,2,0
BRDA:75,6,3,0
BRDA:75,6,4,0
BRDA:75,6,5,0
BRDA:75,6,6,0
BRDA:75,6,7,0
BRDA:78,7,0,0
BRDA:78,7,1,0
BRDA:84,8,0,0
BRDA:84,8,1,0
BRDA:90,9,0,0
BRDA:90,9,1,0
BRDA:96,10,0,0
BRDA:96,10,1,0
BRDA:102,11,0,0
BRDA:102,11,1,0
BRDA:115,12,0,0
BRDA:115,12,1,0
BRDA:134,13,0,0
BRDA:134,13,1,0
BRDA:140,14,0,0
BRDA:140,14,1,0
BRDA:140,15,0,0
BRDA:140,15,1,0
BRDA:149,16,0,0
BRDA:149,16,1,0
BRDA:152,17,0,0
BRDA:152,17,1,0
BRDA:154,18,0,0
BRDA:154,18,1,0
BRDA:172,19,0,0
BRDA:172,19,1,0
BRDA:172,19,2,0
BRF:47
BRH:0
end_of_record
TN:
SF:src/utils/review.ts
FN:28,matchesSpan
FN:34,isLocatedReviewIssue
FN:39,reviewIssueKey
FN:44,sameReviewDecision
FN:55,expandReviewIssues
FN:66,(anonymous_5)
FN:95,createReviewPatch
FN:110,samePatch
FN:114,reviewPatchesOverlap
FN:119,getIssuePatch
FN:129,getReviewPatches
FN:135,(anonymous_11)
FN:137,(anonymous_12)
FN:142,(anonymous_13)
FN:142,(anonymous_14)
FN:146,renderReviewText
FN:150,(anonymous_16)
FN:171,pendingDisplayRanges
FN:177,(anonymous_18)
FN:179,(anonymous_19)
FN:180,(anonymous_20)
FN:181,(anonymous_21)
FN:188,serializeReviewIssues
FN:189,(anonymous_23)
FN:204,reviewStateFingerprint
FN:209,(anonymous_25)
FN:212,(anonymous_26)
FNF:27
FNH:26
FNDA:745,matchesSpan
FNDA:542,isLocatedReviewIssue
FNDA:553,reviewIssueKey
FNDA:249,sameReviewDecision
FNDA:107,expandReviewIssues
FNDA:411,(anonymous_5)
FNDA:325,createReviewPatch
FNDA:172,samePatch
FNDA:74,reviewPatchesOverlap
FNDA:200,getIssuePatch
FNDA:288,getReviewPatches
FNDA:41,(anonymous_11)
FNDA:31,(anonymous_12)
FNDA:171,(anonymous_13)
FNDA:28,(anonymous_14)
FNDA:136,renderReviewText
FNDA:21,(anonymous_16)
FNDA:3,pendingDisplayRanges
FNDA:10,(anonymous_18)
FNDA:4,(anonymous_19)
FNDA:3,(anonymous_20)
FNDA:3,(anonymous_21)
FNDA:354,serializeReviewIssues
FNDA:364,(anonymous_23)
FNDA:13,reviewStateFingerprint
FNDA:13,(anonymous_25)
FNDA:0,(anonymous_26)
DA:26,15
DA:29,745
DA:35,542
DA:40,553
DA:45,249
DA:56,107
DA:57,107
DA:58,107
DA:59,107
DA:60,164
DA:61,164
DA:62,97
DA:63,67
DA:64,66
DA:65,66
DA:66,411
DA:67,90
DA:71,164
DA:72,164
DA:73,193
DA:85,193
DA:86,193
DA:87,186
DA:88,186
DA:91,107
DA:96,325
DA:97,310
DA:98,310
DA:99,310
DA:100,325
DA:101,308
DA:102,308
DA:111,172
DA:115,74
DA:120,200
DA:121,200
DA:122,152
DA:123,152
DA:124,11
DA:125,11
DA:130,288
DA:131,288
DA:132,489
DA:133,187
DA:134,187
DA:135,184
DA:136,184
DA:137,175
DA:138,2
DA:140,173
DA:142,283
DA:147,136
DA:148,136
DA:149,136
DA:150,136
DA:151,106
DA:152,2
DA:154,104
DA:155,104
DA:157,134
DA:158,134
DA:176,3
DA:177,3
DA:178,10
DA:179,5
DA:180,4
DA:181,3
DA:182,4
DA:184,3
DA:189,364
DA:208,13
DA:209,13
DA:212,0
LF:73
LH:72
BRDA:29,0,0,745
BRDA:29,0,1,733
BRDA:29,0,2,732
BRDA:29,0,3,709
BRDA:29,0,4,707
BRDA:29,0,5,705
BRDA:29,0,6,705
BRDA:45,1,0,249
BRDA:45,1,1,249
BRDA:45,1,2,249
BRDA:45,1,3,246
BRDA:45,1,4,246
BRDA:45,1,5,39
BRDA:45,1,6,34
BRDA:45,1,7,34
BRDA:61,2,0,97
BRDA:61,2,1,67
BRDA:61,3,0,164
BRDA:61,3,1,68
BRDA:62,4,0,82
BRDA:62,4,1,15
BRDA:63,5,0,66
BRDA:63,5,1,1
BRDA:66,6,0,90
BRDA:66,6,1,229
BRDA:71,7,0,21
BRDA:71,7,1,143
BRDA:86,8,0,7
BRDA:86,8,1,186
BRDA:95,9,0,325
BRDA:96,10,0,15
BRDA:96,10,1,310
BRDA:99,11,0,310
BRDA:99,11,1,292
BRDA:99,11,2,59
BRDA:100,12,0,2
BRDA:100,12,1,323
BRDA:100,13,0,325
BRDA:100,13,1,238
BRDA:101,14,0,62
BRDA:101,14,1,246
BRDA:101,15,0,308
BRDA:101,15,1,72
BRDA:101,15,2,67
BRDA:106,16,0,72
BRDA:106,16,1,236
BRDA:111,17,0,172
BRDA:111,17,1,166
BRDA:111,17,2,160
BRDA:111,17,3,160
BRDA:115,18,0,74
BRDA:115,18,1,72
BRDA:121,19,0,48
BRDA:121,19,1,152
BRDA:122,20,0,0
BRDA:122,20,1,152
BRDA:123,21,0,141
BRDA:123,21,1,11
BRDA:123,22,0,152
BRDA:123,22,1,152
BRDA:125,23,0,8
BRDA:125,23,1,3
BRDA:125,24,0,11
BRDA:125,24,1,11
BRDA:132,25,0,302
BRDA:132,25,1,187
BRDA:132,26,0,489
BRDA:132,26,1,187
BRDA:134,27,0,3
BRDA:134,27,1,184
BRDA:136,28,0,9
BRDA:136,28,1,175
BRDA:136,29,0,184
BRDA:136,29,1,9
BRDA:137,30,0,2
BRDA:137,30,1,173
BRDA:151,31,0,2
BRDA:151,31,1,104
BRDA:151,32,0,106
BRDA:151,32,1,105
BRDA:174,33,0,3
BRDA:178,34,0,5
BRDA:178,34,1,5
BRDA:178,35,0,10
BRDA:178,35,1,7
BRDA:178,35,2,6
BRDA:179,36,0,1
BRDA:179,36,1,4
BRDA:200,37,0,26
BRDA:200,37,1,338
BRDA:209,38,0,13
BRDA:209,38,1,0
BRDA:209,39,0,13
BRDA:209,39,1,0
BRDA:210,40,0,13
BRDA:210,40,1,13
BRDA:211,41,0,13
BRDA:211,41,1,0
BRF:98
BRH:94
end_of_record
TN:
SF:src/utils/reviewPreview.ts
FN:15,buildReviewPreview
FN:16,(anonymous_1)
FN:19,(anonymous_2)
FN:29,(anonymous_3)
FN:35,(anonymous_4)
FNF:5
FNH:4
FNDA:5,buildReviewPreview
FNDA:0,(anonymous_1)
FNDA:11,(anonymous_2)
FNDA:7,(anonymous_3)
FNDA:1,(anonymous_4)
DA:16,5
DA:17,5
DA:18,5
DA:19,5
DA:20,11
DA:21,11
DA:22,11
DA:23,3
DA:24,3
DA:25,1
DA:27,11
DA:29,5
DA:30,7
DA:31,7
DA:32,6
DA:33,6
DA:34,5
DA:35,1
DA:36,5
DA:37,5
DA:38,5
DA:39,5
DA:40,5
DA:41,4
DA:42,4
DA:43,5
DA:44,5
DA:46,5
DA:47,5
LF:29
LH:29
BRDA:24,0,0,2
BRDA:24,0,1,1
BRDA:31,1,0,1
BRDA:31,1,1,6
BRDA:31,2,0,7
BRDA:31,2,1,6
BRDA:31,2,2,6
BRDA:31,2,3,6
BRDA:31,2,4,6
BRDA:31,2,5,6
BRDA:33,3,0,1
BRDA:33,3,1,5
BRDA:33,4,0,6
BRDA:33,4,1,1
BRDA:35,5,0,1
BRDA:35,5,1,1
BRDA:40,6,0,1
BRDA:40,6,1,4
BRDA:40,7,0,5
BRDA:40,7,1,4
BRDA:42,8,0,3
BRDA:42,8,1,1
BRF:22
BRH:22
end_of_record
TN:
SF:src/utils/reviewVersions.ts
FN:39,serializeReviewDraft
FN:43,(anonymous_1)
FN:55,(anonymous_2)
FN:71,renderReviewVersionText
FN:75,acceptedDecisions
FN:77,(anonymous_5)
FN:101,compareReviewVersions
FN:106,(anonymous_7)
FN:107,(anonymous_8)
FN:108,(anonymous_9)
FN:127,(anonymous_10)
FNF:11
FNH:11
FNDA:167,serializeReviewDraft
FNDA:167,(anonymous_1)
FNDA:11,(anonymous_2)
FNDA:39,renderReviewVersionText
FNDA:90,acceptedDecisions
FNDA:33,(anonymous_5)
FNDA:45,compareReviewVersions
FNDA:33,(anonymous_7)
FNDA:7,(anonymous_8)
FNDA:26,(anonymous_9)
FNDA:2,(anonymous_10)
DA:40,167
DA:41,167
DA:43,167
DA:55,11
DA:72,39
DA:77,90
DA:78,90
DA:79,90
DA:80,51
DA:81,34
DA:82,34
DA:91,34
DA:93,87
DA:106,45
DA:107,45
DA:108,45
DA:109,45
DA:110,45
DA:111,29
DA:112,29
DA:113,29
DA:116,2
DA:117,27
DA:118,29
DA:127,42
LF:25
LH:25
BRDA:45,0,0,2
BRDA:45,0,1,165
BRDA:45,1,0,167
BRDA:45,1,1,166
BRDA:46,2,0,2
BRDA:46,2,1,165
BRDA:46,3,0,167
BRDA:46,3,1,166
BRDA:47,4,0,167
BRDA:47,4,1,167
BRDA:48,5,0,167
BRDA:48,5,1,167
BRDA:49,6,0,154
BRDA:49,6,1,13
BRDA:51,7,0,53
BRDA:51,7,1,114
BRDA:66,8,0,167
BRDA:66,8,1,167
BRDA:80,9,0,17
BRDA:80,9,1,34
BRDA:80,10,0,51
BRDA:80,10,1,34
BRDA:111,11,0,29
BRDA:111,11,1,22
BRDA:112,12,0,29
BRDA:112,12,1,3
BRDA:113,13,0,2
BRDA:113,13,1,27
BRDA:113,14,0,29
BRDA:113,14,1,7
BRDA:113,14,2,4
BRDA:113,14,3,3
BRDA:113,14,4,2
BRDA:117,15,0,27
BRDA:117,15,1,3
BRDA:119,16,0,22
BRDA:119,16,1,5
BRDA:119,17,0,3
BRDA:119,17,1,2
BRDA:127,18,0,2
BRDA:127,18,1,1
BRF:41
BRH:41
end_of_record
TN:
SF:src/utils/sanitize.ts
FN:28,sanitizeDocumentHtml
FN:33,sanitizeMarkdownHtml
FNF:2
FNH:0
FNDA:0,sanitizeDocumentHtml
FNDA:0,sanitizeMarkdownHtml
DA:9,0
DA:21,0
DA:29,0
DA:30,0
DA:34,0
DA:35,0
LF:6
LH:0
BRDA:29,0,0,0
BRDA:29,0,1,0
BRDA:34,1,0,0
BRDA:34,1,1,0
BRF:4
BRH:0
end_of_record
TN:
SF:src/utils/sse.ts
FN:17,postSseStream
FN:26,(anonymous_1)
FN:58,(anonymous_2)
FN:67,(anonymous_3)
FNF:4
FNH:0
FNDA:0,postSseStream
FNDA:0,(anonymous_1)
FNDA:0,(anonymous_2)
FNDA:0,(anonymous_3)
DA:23,0
DA:24,0
DA:26,0
DA:27,0
DA:36,0
DA:37,0
DA:38,0
DA:39,0
DA:40,0
DA:41,0
DA:44,0
DA:47,0
DA:48,0
DA:49,0
DA:50,0
DA:51,0
DA:52,0
DA:53,0
DA:55,0
DA:56,0
DA:57,0
DA:58,0
DA:59,0
DA:60,0
DA:61,0
DA:67,0
LF:26
LH:0
BRDA:21,0,0,0
BRDA:24,1,0,0
BRDA:24,1,1,0
BRDA:31,2,0,0
BRDA:31,2,1,0
BRDA:36,3,0,0
BRDA:36,3,1,0
BRDA:36,4,0,0
BRDA:36,4,1,0
BRDA:40,5,0,0
BRDA:40,5,1,0
BRDA:41,6,0,0
BRDA:41,6,1,0
BRDA:52,7,0,0
BRDA:52,7,1,0
BRDA:56,8,0,0
BRDA:56,8,1,0
BRDA:59,9,0,0
BRDA:59,9,1,0
BRF:19
BRH:0
end_of_record
TN:
SF:src/views/admin/apikeys/index.vue
FN:347,(anonymous_0)
FN:349,fetchList
FN:366,handleFilterChange
FN:371,openEditDialog
FN:380,handleSave
FN:397,handleToggleActive
FN:407,statusText
FN:411,statusTagType
FN:4,(anonymous_8)
FN:9,(anonymous_9)
FN:8,(anonymous_10)
FN:29,(anonymous_11)
FN:36,(anonymous_12)
FN:37,(anonymous_13)
FN:37,(anonymous_14)
FN:15,(anonymous_15)
FN:3,(anonymous_16)
FN:43,(anonymous_17)
FN:52,(anonymous_18)
FN:69,(anonymous_19)
FN:78,(anonymous_20)
FN:79,(anonymous_21)
FN:83,(anonymous_22)
FN:92,(anonymous_23)
FN:101,(anonymous_24)
FN:110,(anonymous_25)
FN:116,(anonymous_26)
FN:111,(anonymous_27)
FN:123,(anonymous_28)
FN:128,(anonymous_29)
FN:131,(anonymous_30)
FN:116,(anonymous_31)
FN:136,(anonymous_32)
FN:150,(anonymous_33)
FN:162,(anonymous_34)
FN:177,(anonymous_35)
FN:194,(anonymous_36)
FN:211,(anonymous_37)
FN:216,(anonymous_38)
FN:212,(anonymous_39)
FN:225,(anonymous_40)
FN:227,(anonymous_41)
FN:228,(anonymous_42)
FN:232,(anonymous_43)
FN:241,(anonymous_44)
FN:243,(anonymous_45)
FN:244,(anonymous_46)
FN:248,(anonymous_47)
FN:217,(anonymous_48)
FN:53,(anonymous_49)
FN:70,(anonymous_50)
FN:93,(anonymous_51)
FN:102,(anonymous_52)
FN:151,(anonymous_53)
FN:163,(anonymous_54)
FN:178,(anonymous_55)
FN:195,(anonymous_56)
FN:263,(anonymous_57)
FN:264,(anonymous_58)
FN:48,(anonymous_59)
FN:275,(anonymous_60)
FN:308,(anonymous_61)
FN:309,(anonymous_62)
FN:309,(anonymous_63)
FN:312,(anonymous_64)
FN:309,(anonymous_65)
FN:316,(anonymous_66)
FN:274,(anonymous_67)
FN:279,(anonymous_68)
FN:283,(anonymous_69)
FN:286,(anonymous_70)
FN:288,(anonymous_71)
FN:298,(anonymous_72)
FN:300,(anonymous_73)
FN:284,(anonymous_74)
FN:287,(anonymous_75)
FN:299,(anonymous_76)
FNF:77
FNH:0
FNDA:0,(anonymous_0)
FNDA:0,fetchList
FNDA:0,handleFilterChange
FNDA:0,openEditDialog
FNDA:0,handleSave
FNDA:0,handleToggleActive
FNDA:0,statusText
FNDA:0,statusTagType
FNDA:0,(anonymous_8)
FNDA:0,(anonymous_9)
FNDA:0,(anonymous_10)
FNDA:0,(anonymous_11)
FNDA:0,(anonymous_12)
FNDA:0,(anonymous_13)
FNDA:0,(anonymous_14)
FNDA:0,(anonymous_15)
FNDA:0,(anonymous_16)
FNDA:0,(anonymous_17)
FNDA:0,(anonymous_18)
FNDA:0,(anonymous_19)
FNDA:0,(anonymous_20)
FNDA:0,(anonymous_21)
FNDA:0,(anonymous_22)
FNDA:0,(anonymous_23)
FNDA:0,(anonymous_24)
FNDA:0,(anonymous_25)
FNDA:0,(anonymous_26)
FNDA:0,(anonymous_27)
FNDA:0,(anonymous_28)
FNDA:0,(anonymous_29)
FNDA:0,(anonymous_30)
FNDA:0,(anonymous_31)
FNDA:0,(anonymous_32)
FNDA:0,(anonymous_33)
FNDA:0,(anonymous_34)
FNDA:0,(anonymous_35)
FNDA:0,(anonymous_36)
FNDA:0,(anonymous_37)
FNDA:0,(anonymous_38)
FNDA:0,(anonymous_39)
FNDA:0,(anonymous_40)
FNDA:0,(anonymous_41)
FNDA:0,(anonymous_42)
FNDA:0,(anonymous_43)
FNDA:0,(anonymous_44)
FNDA:0,(anonymous_45)
FNDA:0,(anonymous_46)
FNDA:0,(anonymous_47)
FNDA:0,(anonymous_48)
FNDA:0,(anonymous_49)
FNDA:0,(anonymous_50)
FNDA:0,(anonymous_51)
FNDA:0,(anonymous_52)
FNDA:0,(anonymous_53)
FNDA:0,(anonymous_54)
FNDA:0,(anonymous_55)
FNDA:0,(anonymous_56)
FNDA:0,(anonymous_57)
FNDA:0,(anonymous_58)
FNDA:0,(anonymous_59)
FNDA:0,(anonymous_60)
FNDA:0,(anonymous_61)
FNDA:0,(anonymous_62)
FNDA:0,(anonymous_63)
FNDA:0,(anonymous_64)
FNDA:0,(anonymous_65)
FNDA:0,(anonymous_66)
FNDA:0,(anonymous_67)
FNDA:0,(anonymous_68)
FNDA:0,(anonymous_69)
FNDA:0,(anonymous_70)
FNDA:0,(anonymous_71)
FNDA:0,(anonymous_72)
FNDA:0,(anonymous_73)
FNDA:0,(anonymous_74)
FNDA:0,(anonymous_75)
FNDA:0,(anonymous_76)
DA:2,0
DA:9,0
DA:18,0
DA:29,0
DA:36,0
DA:37,0
DA:52,0
DA:54,0
DA:58,0
DA:69,0
DA:70,0
DA:78,0
DA:83,0
DA:92,0
DA:93,0
DA:101,0
DA:102,0
DA:110,0
DA:112,0
DA:117,0
DA:119,0
DA:120,0
DA:128,0
DA:129,0
DA:132,0
DA:138,0
DA:141,0
DA:150,0
DA:151,0
DA:154,0
DA:162,0
DA:164,0
DA:165,0
DA:169,0
DA:177,0
DA:179,0
DA:180,0
DA:184,0
DA:194,0
DA:196,0
DA:197,0
DA:201,0
DA:211,0
DA:216,0
DA:219,0
DA:221,0
DA:225,0
DA:234,0
DA:241,0
DA:250,0
DA:257,0
DA:258,0
DA:263,0
DA:264,0
DA:275,0
DA:283,0
DA:284,0
DA:285,0
DA:286,0
DA:288,0
DA:293,0
DA:298,0
DA:300,0
DA:305,0
DA:309,0
DA:311,0
DA:318,0
DA:333,0
DA:334,0
DA:335,0
DA:336,0
DA:337,0
DA:338,0
DA:340,0
DA:341,0
DA:343,0
DA:344,0
DA:345,0
DA:347,0
DA:350,0
DA:351,0
DA:352,0
DA:358,0
DA:359,0
DA:363,0
DA:367,0
DA:368,0
DA:372,0
DA:373,0
DA:377,0
DA:381,0
DA:382,0
DA:383,0
DA:384,0
DA:388,0
DA:389,0
DA:390,0
DA:394,0
DA:398,0
DA:399,0
DA:400,0
DA:401,0
DA:408,0
DA:412,0
LF:104
LH:0
BRDA:355,0,0,0
BRDA:355,0,1,0
BRDA:356,1,0,0
BRDA:356,1,1,0
BRDA:375,2,0,0
BRDA:375,2,1,0
BRDA:381,3,0,0
BRDA:381,3,1,0
BRDA:385,4,0,0
BRDA:385,4,1,0
BRDA:386,5,0,0
BRDA:386,5,1,0
BRDA:400,6,0,0
BRDA:400,6,1,0
BRDA:408,7,0,0
BRDA:408,7,1,0
BRDA:412,8,0,0
BRDA:412,8,1,0
BRDA:93,9,0,0
BRDA:93,9,1,0
BRDA:102,10,0,0
BRDA:102,10,1,0
BRDA:112,11,0,0
BRDA:112,11,1,0
BRDA:118,12,0,0
BRDA:118,12,1,0
BRDA:119,13,0,0
BRDA:119,13,1,0
BRDA:119,14,0,0
BRDA:124,15,0,0
BRDA:124,15,1,0
BRDA:128,16,0,0
BRDA:128,16,1,0
BRDA:132,17,0,0
BRDA:112,18,0,0
BRDA:112,18,1,0
BRDA:132,19,0,0
BRDA:132,19,1,0
BRDA:151,20,0,0
BRDA:151,21,0,0
BRDA:151,21,1,0
BRDA:164,22,0,0
BRDA:164,23,0,0
BRDA:164,23,1,0
BRDA:179,24,0,0
BRDA:179,25,0,0
BRDA:179,25,1,0
BRDA:196,26,0,0
BRDA:196,27,0,0
BRDA:196,27,1,0
BRDA:221,28,0,0
BRDA:221,29,0,0
BRDA:221,29,1,0
BRDA:257,30,0,0
BRDA:257,30,1,0
BRDA:257,31,0,0
BRDA:257,31,1,0
BRDA:257,32,0,0
BRDA:257,32,1,0
BRF:59
BRH:0
end_of_record
TN:
SF:src/views/admin/audit/index.vue
FN:527,loadActionTypes
FN:544,applyQuick
FN:551,isQuickGroup
FN:555,applyQuickGroup
FN:576,(anonymous_4)
FN:587,(anonymous_5)
FN:593,fetchLogs
FN:620,fetchStats
FN:628,handleSearch
FN:633,resetFilters
FN:643,showDetail
FN:685,actionLabel
FN:689,actionTagType
FN:693,deviceLabel
FN:6,(anonymous_14)
FN:5,(anonymous_15)
FN:24,(anonymous_16)
FN:30,(anonymous_17)
FN:27,(anonymous_18)
FN:37,(anonymous_19)
FN:34,(anonymous_20)
FN:44,(anonymous_21)
FN:41,(anonymous_22)
FN:51,(anonymous_23)
FN:48,(anonymous_24)
FN:58,(anonymous_25)
FN:55,(anonymous_26)
FN:63,(anonymous_27)
FN:69,(anonymous_28)
FN:71,(anonymous_29)
FN:70,(anonymous_30)
FN:78,(anonymous_31)
FN:78,(anonymous_32)
FN:85,(anonymous_33)
FN:87,(anonymous_34)
FN:86,(anonymous_35)
FN:92,(anonymous_36)
FN:102,(anonymous_37)
FN:104,(anonymous_38)
FN:103,(anonymous_39)
FN:109,(anonymous_40)
FN:119,(anonymous_41)
FN:121,(anonymous_42)
FN:127,(anonymous_43)
FN:129,(anonymous_44)
FN:138,(anonymous_45)
FN:140,(anonymous_46)
FN:146,(anonymous_47)
FN:147,(anonymous_48)
FN:153,(anonymous_49)
FN:150,(anonymous_50)
FN:153,(anonymous_51)
FN:120,(anonymous_52)
FN:128,(anonymous_53)
FN:139,(anonymous_54)
FN:31,(anonymous_55)
FN:38,(anonymous_56)
FN:45,(anonymous_57)
FN:52,(anonymous_58)
FN:59,(anonymous_59)
FN:161,(anonymous_60)
FN:162,(anonymous_61)
FN:173,(anonymous_62)
FN:182,(anonymous_63)
FN:183,(anonymous_64)
FN:187,(anonymous_65)
FN:195,(anonymous_66)
FN:197,(anonymous_67)
FN:200,(anonymous_68)
FN:222,(anonymous_69)
FN:223,(anonymous_70)
FN:229,(anonymous_71)
FN:235,(anonymous_72)
FN:227,(anonymous_73)
FN:233,(anonymous_74)
FN:239,(anonymous_75)
FN:247,(anonymous_76)
FN:264,(anonymous_77)
FN:264,(anonymous_78)
FN:277,(anonymous_79)
FN:278,(anonymous_80)
FN:282,(anonymous_81)
FN:291,(anonymous_82)
FN:305,(anonymous_83)
FN:310,(anonymous_84)
FN:306,(anonymous_85)
FN:311,(anonymous_86)
FN:174,(anonymous_87)
FN:196,(anonymous_88)
FN:248,(anonymous_89)
FN:292,(anonymous_90)
FN:321,(anonymous_91)
FN:322,(anonymous_92)
FN:168,(anonymous_93)
FN:333,(anonymous_94)
FN:332,(anonymous_95)
FN:342,(anonymous_96)
FN:347,(anonymous_97)
FN:348,(anonymous_98)
FN:352,(anonymous_99)
FN:355,(anonymous_100)
FN:358,(anonymous_101)
FN:366,(anonymous_102)
FN:369,(anonymous_103)
FN:372,(anonymous_104)
FN:375,(anonymous_105)
FN:376,(anonymous_106)
FN:380,(anonymous_107)
FN:383,(anonymous_108)
FN:389,(anonymous_109)
FN:356,(anonymous_110)
FN:359,(anonymous_111)
FN:367,(anonymous_112)
FN:370,(anonymous_113)
FN:373,(anonymous_114)
FN:387,(anonymous_115)
FN:393,(anonymous_116)
FN:405,(anonymous_117)
FN:421,(anonymous_118)
FN:426,(anonymous_119)
FN:429,(anonymous_120)
FN:435,(anonymous_121)
FN:441,(anonymous_122)
FN:427,(anonymous_123)
FN:433,(anonymous_124)
FN:439,(anonymous_125)
FN:445,(anonymous_126)
FN:480,(anonymous_127)
FNF:128
FNH:0
FNDA:0,loadActionTypes
FNDA:0,applyQuick
FNDA:0,isQuickGroup
FNDA:0,applyQuickGroup
FNDA:0,(anonymous_4)
FNDA:0,(anonymous_5)
FNDA:0,fetchLogs
FNDA:0,fetchStats
FNDA:0,handleSearch
FNDA:0,resetFilters
FNDA:0,showDetail
FNDA:0,actionLabel
FNDA:0,actionTagType
FNDA:0,deviceLabel
FNDA:0,(anonymous_14)
FNDA:0,(anonymous_15)
FNDA:0,(anonymous_16)
FNDA:0,(anonymous_17)
FNDA:0,(anonymous_18)
FNDA:0,(anonymous_19)
FNDA:0,(anonymous_20)
FNDA:0,(anonymous_21)
FNDA:0,(anonymous_22)
FNDA:0,(anonymous_23)
FNDA:0,(anonymous_24)
FNDA:0,(anonymous_25)
FNDA:0,(anonymous_26)
FNDA:0,(anonymous_27)
FNDA:0,(anonymous_28)
FNDA:0,(anonymous_29)
FNDA:0,(anonymous_30)
FNDA:0,(anonymous_31)
FNDA:0,(anonymous_32)
FNDA:0,(anonymous_33)
FNDA:0,(anonymous_34)
FNDA:0,(anonymous_35)
FNDA:0,(anonymous_36)
FNDA:0,(anonymous_37)
FNDA:0,(anonymous_38)
FNDA:0,(anonymous_39)
FNDA:0,(anonymous_40)
FNDA:0,(anonymous_41)
FNDA:0,(anonymous_42)
FNDA:0,(anonymous_43)
FNDA:0,(anonymous_44)
FNDA:0,(anonymous_45)
FNDA:0,(anonymous_46)
FNDA:0,(anonymous_47)
FNDA:0,(anonymous_48)
FNDA:0,(anonymous_49)
FNDA:0,(anonymous_50)
FNDA:0,(anonymous_51)
FNDA:0,(anonymous_52)
FNDA:0,(anonymous_53)
FNDA:0,(anonymous_54)
FNDA:0,(anonymous_55)
FNDA:0,(anonymous_56)
FNDA:0,(anonymous_57)
FNDA:0,(anonymous_58)
FNDA:0,(anonymous_59)
FNDA:0,(anonymous_60)
FNDA:0,(anonymous_61)
FNDA:0,(anonymous_62)
FNDA:0,(anonymous_63)
FNDA:0,(anonymous_64)
FNDA:0,(anonymous_65)
FNDA:0,(anonymous_66)
FNDA:0,(anonymous_67)
FNDA:0,(anonymous_68)
FNDA:0,(anonymous_69)
FNDA:0,(anonymous_70)
FNDA:0,(anonymous_71)
FNDA:0,(anonymous_72)
FNDA:0,(anonymous_73)
FNDA:0,(anonymous_74)
FNDA:0,(anonymous_75)
FNDA:0,(anonymous_76)
FNDA:0,(anonymous_77)
FNDA:0,(anonymous_78)
FNDA:0,(anonymous_79)
FNDA:0,(anonymous_80)
FNDA:0,(anonymous_81)
FNDA:0,(anonymous_82)
FNDA:0,(anonymous_83)
FNDA:0,(anonymous_84)
FNDA:0,(anonymous_85)
FNDA:0,(anonymous_86)
FNDA:0,(anonymous_87)
FNDA:0,(anonymous_88)
FNDA:0,(anonymous_89)
FNDA:0,(anonymous_90)
FNDA:0,(anonymous_91)
FNDA:0,(anonymous_92)
FNDA:0,(anonymous_93)
FNDA:0,(anonymous_94)
FNDA:0,(anonymous_95)
FNDA:0,(anonymous_96)
FNDA:0,(anonymous_97)
FNDA:0,(anonymous_98)
FNDA:0,(anonymous_99)
FNDA:0,(anonymous_100)
FNDA:0,(anonymous_101)
FNDA:0,(anonymous_102)
FNDA:0,(anonymous_103)
FNDA:0,(anonymous_104)
FNDA:0,(anonymous_105)
FNDA:0,(anonymous_106)
FNDA:0,(anonymous_107)
FNDA:0,(anonymous_108)
FNDA:0,(anonymous_109)
FNDA:0,(anonymous_110)
FNDA:0,(anonymous_111)
FNDA:0,(anonymous_112)
FNDA:0,(anonymous_113)
FNDA:0,(anonymous_114)
FNDA:0,(anonymous_115)
FNDA:0,(anonymous_116)
FNDA:0,(anonymous_117)
FNDA:0,(anonymous_118)
FNDA:0,(anonymous_119)
FNDA:0,(anonymous_120)
FNDA:0,(anonymous_121)
FNDA:0,(anonymous_122)
FNDA:0,(anonymous_123)
FNDA:0,(anonymous_124)
FNDA:0,(anonymous_125)
FNDA:0,(anonymous_126)
FNDA:0,(anonymous_127)
DA:2,0
DA:6,0
DA:13,0
DA:24,0
DA:30,0
DA:33,0
DA:37,0
DA:40,0
DA:44,0
DA:47,0
DA:51,0
DA:54,0
DA:58,0
DA:61,0
DA:69,0
DA:71,0
DA:77,0
DA:78,0
DA:83,0
DA:84,0
DA:85,0
DA:87,0
DA:95,0
DA:100,0
DA:102,0
DA:104,0
DA:112,0
DA:117,0
DA:119,0
DA:121,0
DA:125,0
DA:127,0
DA:129,0
DA:136,0
DA:138,0
DA:140,0
DA:144,0
DA:152,0
DA:153,0
DA:155,0
DA:173,0
DA:174,0
DA:176,0
DA:182,0
DA:187,0
DA:195,0
DA:196,0
DA:202,0
DA:205,0
DA:222,0
DA:224,0
DA:225,0
DA:227,0
DA:230,0
DA:231,0
DA:233,0
DA:237,0
DA:239,0
DA:247,0
DA:249,0
DA:252,0
DA:255,0
DA:258,0
DA:261,0
DA:264,0
DA:267,0
DA:268,0
DA:277,0
DA:282,0
DA:291,0
DA:292,0
DA:295,0
DA:305,0
DA:310,0
DA:313,0
DA:321,0
DA:322,0
DA:333,0
DA:339,0
DA:347,0
DA:352,0
DA:353,0
DA:354,0
DA:355,0
DA:356,0
DA:358,0
DA:359,0
DA:361,0
DA:363,0
DA:366,0
DA:367,0
DA:369,0
DA:370,0
DA:372,0
DA:373,0
DA:375,0
DA:380,0
DA:381,0
DA:384,0
DA:385,0
DA:387,0
DA:390,0
DA:391,0
DA:393,0
DA:399,0
DA:404,0
DA:405,0
DA:409,0
DA:417,0
DA:426,0
DA:427,0
DA:428,0
DA:430,0
DA:431,0
DA:433,0
DA:436,0
DA:437,0
DA:439,0
DA:442,0
DA:443,0
DA:445,0
DA:452,0
DA:455,0
DA:463,0
DA:466,0
DA:474,0
DA:479,0
DA:480,0
DA:484,0
DA:508,0
DA:509,0
DA:510,0
DA:511,0
DA:512,0
DA:514,0
DA:516,0
DA:525,0
DA:528,0
DA:529,0
DA:536,0
DA:542,0
DA:545,0
DA:546,0
DA:547,0
DA:548,0
DA:552,0
DA:556,0
DA:557,0
DA:558,0
DA:560,0
DA:561,0
DA:563,0
DA:564,0
DA:568,0
DA:576,0
DA:584,0
DA:585,0
DA:587,0
DA:588,0
DA:589,0
DA:590,0
DA:594,0
DA:595,0
DA:596,0
DA:600,0
DA:601,0
DA:602,0
DA:603,0
DA:604,0
DA:605,0
DA:606,0
DA:607,0
DA:610,0
DA:611,0
DA:612,0
DA:616,0
DA:621,0
DA:622,0
DA:629,0
DA:630,0
DA:634,0
DA:635,0
DA:636,0
DA:637,0
DA:638,0
DA:639,0
DA:640,0
DA:644,0
DA:645,0
DA:646,0
DA:653,0
DA:670,0
DA:686,0
DA:690,0
DA:694,0
DA:695,0
DA:696,0
DA:697,0
DA:698,0
LF:199
LH:0
BRDA:556,0,0,0
BRDA:556,0,1,0
BRDA:561,1,0,0
BRDA:561,1,1,0
BRDA:600,2,0,0
BRDA:600,2,1,0
BRDA:601,3,0,0
BRDA:601,3,1,0
BRDA:602,4,0,0
BRDA:602,4,1,0
BRDA:603,5,0,0
BRDA:603,5,1,0
BRDA:604,6,0,0
BRDA:604,6,1,0
BRDA:605,7,0,0
BRDA:605,7,1,0
BRDA:686,8,0,0
BRDA:686,8,1,0
BRDA:690,9,0,0
BRDA:690,9,1,0
BRDA:694,10,0,0
BRDA:694,10,1,0
BRDA:694,10,2,0
BRDA:694,10,3,0
BRDA:29,11,0,0
BRDA:29,11,1,0
BRDA:30,12,0,0
BRDA:30,12,1,0
BRDA:36,13,0,0
BRDA:36,13,1,0
BRDA:43,14,0,0
BRDA:43,14,1,0
BRDA:50,15,0,0
BRDA:50,15,1,0
BRDA:57,16,0,0
BRDA:57,16,1,0
BRDA:196,17,0,0
BRDA:196,18,0,0
BRDA:196,18,1,0
BRDA:224,19,0,0
BRDA:224,19,1,0
BRDA:230,20,0,0
BRDA:224,21,0,0
BRDA:224,21,1,0
BRDA:230,22,0,0
BRDA:230,22,1,0
BRDA:249,23,0,0
BRDA:255,24,0,0
BRDA:261,25,0,0
BRDA:261,25,1,0
BRDA:267,26,0,0
BRDA:267,27,0,0
BRDA:267,27,1,0
BRDA:267,27,2,0
BRDA:249,28,0,0
BRDA:249,28,1,0
BRDA:255,29,0,0
BRDA:255,29,1,0
BRDA:261,30,0,0
BRDA:261,30,1,0
BRDA:267,31,0,0
BRDA:267,31,1,0
BRDA:279,32,0,0
BRDA:279,32,1,0
BRDA:282,33,0,0
BRDA:282,33,1,0
BRDA:292,34,0,0
BRDA:292,35,0,0
BRDA:292,35,1,0
BRDA:339,36,0,0
BRDA:359,37,0,0
BRDA:359,38,0,0
BRDA:359,38,1,0
BRDA:373,39,0,0
BRDA:373,39,1,0
BRDA:377,40,0,0
BRDA:377,40,1,0
BRDA:380,41,0,0
BRDA:380,41,1,0
BRDA:384,42,0,0
BRDA:390,43,0,0
BRDA:384,44,0,0
BRDA:390,45,0,0
BRDA:399,46,0,0
BRDA:410,47,0,0
BRDA:410,47,1,0
BRDA:417,48,0,0
BRDA:430,49,0,0
BRDA:436,50,0,0
BRDA:442,51,0,0
BRDA:430,52,0,0
BRDA:436,53,0,0
BRDA:442,54,0,0
BRDA:452,55,0,0
BRDA:463,56,0,0
BRDA:474,57,0,0
BRDA:399,58,0,0
BRDA:417,59,0,0
BRDA:452,60,0,0
BRDA:452,60,1,0
BRDA:463,61,0,0
BRDA:463,61,1,0
BRDA:474,62,0,0
BRF:103
BRH:0
end_of_record
TN:
SF:src/views/admin/dashboard/index.vue
FN:431,formatTokens
FN:437,(anonymous_1)
FN:455,loadModelUsage
FN:469,businessLabel
FN:474,operationLabel
FN:488,renderTrend
FN:495,(anonymous_6)
FN:504,(anonymous_7)
FN:509,(anonymous_8)
FN:516,loadTrend
FN:536,handleResize
FN:540,(anonymous_11)
FN:4,(anonymous_12)
FN:13,(anonymous_13)
FN:17,(anonymous_14)
FN:30,(anonymous_15)
FN:39,(anonymous_16)
FN:43,(anonymous_17)
FN:56,(anonymous_18)
FN:65,(anonymous_19)
FN:69,(anonymous_20)
FN:82,(anonymous_21)
FN:91,(anonymous_22)
FN:95,(anonymous_23)
FN:108,(anonymous_24)
FN:117,(anonymous_25)
FN:121,(anonymous_26)
FN:134,(anonymous_27)
FN:143,(anonymous_28)
FN:147,(anonymous_29)
FN:164,(anonymous_30)
FN:168,(anonymous_31)
FN:167,(anonymous_32)
FN:172,(anonymous_33)
FN:175,(anonymous_34)
FN:178,(anonymous_35)
FN:172,(anonymous_36)
FN:175,(anonymous_37)
FN:178,(anonymous_38)
FN:163,(anonymous_39)
FN:189,(anonymous_40)
FN:193,(anonymous_41)
FN:196,(anonymous_42)
FN:204,(anonymous_43)
FN:203,(anonymous_44)
FN:207,(anonymous_45)
FN:237,(anonymous_46)
FN:238,(anonymous_47)
FN:243,(anonymous_48)
FN:213,(anonymous_49)
FN:253,(anonymous_50)
FN:257,(anonymous_51)
FN:256,(anonymous_52)
FN:261,(anonymous_53)
FN:264,(anonymous_54)
FN:267,(anonymous_55)
FN:261,(anonymous_56)
FN:264,(anonymous_57)
FN:267,(anonymous_58)
FN:252,(anonymous_59)
FN:274,(anonymous_60)
FN:280,(anonymous_61)
FN:284,(anonymous_62)
FN:292,(anonymous_63)
FN:305,(anonymous_64)
FN:315,(anonymous_65)
FN:324,(anonymous_66)
FN:337,(anonymous_67)
FN:350,(anonymous_68)
FN:358,(anonymous_69)
FN:316,(anonymous_70)
FN:325,(anonymous_71)
FN:338,(anonymous_72)
FN:351,(anonymous_73)
FN:359,(anonymous_74)
FN:296,(anonymous_75)
FN:311,(anonymous_76)
FN:373,(anonymous_77)
FN:372,(anonymous_78)
FN:376,(anonymous_79)
FN:380,(anonymous_80)
FN:383,(anonymous_81)
FN:386,(anonymous_82)
FN:389,(anonymous_83)
FN:392,(anonymous_84)
FN:395,(anonymous_85)
FN:381,(anonymous_86)
FN:383,(anonymous_87)
FN:386,(anonymous_88)
FN:389,(anonymous_89)
FN:392,(anonymous_90)
FN:395,(anonymous_91)
FNF:92
FNH:0
FNDA:0,formatTokens
FNDA:0,(anonymous_1)
FNDA:0,loadModelUsage
FNDA:0,businessLabel
FNDA:0,operationLabel
FNDA:0,renderTrend
FNDA:0,(anonymous_6)
FNDA:0,(anonymous_7)
FNDA:0,(anonymous_8)
FNDA:0,loadTrend
FNDA:0,handleResize
FNDA:0,(anonymous_11)
FNDA:0,(anonymous_12)
FNDA:0,(anonymous_13)
FNDA:0,(anonymous_14)
FNDA:0,(anonymous_15)
FNDA:0,(anonymous_16)
FNDA:0,(anonymous_17)
FNDA:0,(anonymous_18)
FNDA:0,(anonymous_19)
FNDA:0,(anonymous_20)
FNDA:0,(anonymous_21)
FNDA:0,(anonymous_22)
FNDA:0,(anonymous_23)
FNDA:0,(anonymous_24)
FNDA:0,(anonymous_25)
FNDA:0,(anonymous_26)
FNDA:0,(anonymous_27)
FNDA:0,(anonymous_28)
FNDA:0,(anonymous_29)
FNDA:0,(anonymous_30)
FNDA:0,(anonymous_31)
FNDA:0,(anonymous_32)
FNDA:0,(anonymous_33)
FNDA:0,(anonymous_34)
FNDA:0,(anonymous_35)
FNDA:0,(anonymous_36)
FNDA:0,(anonymous_37)
FNDA:0,(anonymous_38)
FNDA:0,(anonymous_39)
FNDA:0,(anonymous_40)
FNDA:0,(anonymous_41)
FNDA:0,(anonymous_42)
FNDA:0,(anonymous_43)
FNDA:0,(anonymous_44)
FNDA:0,(anonymous_45)
FNDA:0,(anonymous_46)
FNDA:0,(anonymous_47)
FNDA:0,(anonymous_48)
FNDA:0,(anonymous_49)
FNDA:0,(anonymous_50)
FNDA:0,(anonymous_51)
FNDA:0,(anonymous_52)
FNDA:0,(anonymous_53)
FNDA:0,(anonymous_54)
FNDA:0,(anonymous_55)
FNDA:0,(anonymous_56)
FNDA:0,(anonymous_57)
FNDA:0,(anonymous_58)
FNDA:0,(anonymous_59)
FNDA:0,(anonymous_60)
FNDA:0,(anonymous_61)
FNDA:0,(anonymous_62)
FNDA:0,(anonymous_63)
FNDA:0,(anonymous_64)
FNDA:0,(anonymous_65)
FNDA:0,(anonymous_66)
FNDA:0,(anonymous_67)
FNDA:0,(anonymous_68)
FNDA:0,(anonymous_69)
FNDA:0,(anonymous_70)
FNDA:0,(anonymous_71)
FNDA:0,(anonymous_72)
FNDA:0,(anonymous_73)
FNDA:0,(anonymous_74)
FNDA:0,(anonymous_75)
FNDA:0,(anonymous_76)
FNDA:0,(anonymous_77)
FNDA:0,(anonymous_78)
FNDA:0,(anonymous_79)
FNDA:0,(anonymous_80)
FNDA:0,(anonymous_81)
FNDA:0,(anonymous_82)
FNDA:0,(anonymous_83)
FNDA:0,(anonymous_84)
FNDA:0,(anonymous_85)
FNDA:0,(anonymous_86)
FNDA:0,(anonymous_87)
FNDA:0,(anonymous_88)
FNDA:0,(anonymous_89)
FNDA:0,(anonymous_90)
FNDA:0,(anonymous_91)
DA:2,0
DA:11,0
DA:17,0
DA:22,0
DA:37,0
DA:43,0
DA:48,0
DA:63,0
DA:69,0
DA:74,0
DA:89,0
DA:95,0
DA:100,0
DA:115,0
DA:121,0
DA:126,0
DA:141,0
DA:147,0
DA:152,0
DA:163,0
DA:166,0
DA:168,0
DA:172,0
DA:174,0
DA:175,0
DA:177,0
DA:178,0
DA:180,0
DA:190,0
DA:191,0
DA:198,0
DA:203,0
DA:205,0
DA:218,0
DA:237,0
DA:239,0
DA:243,0
DA:252,0
DA:255,0
DA:257,0
DA:261,0
DA:263,0
DA:264,0
DA:266,0
DA:267,0
DA:269,0
DA:273,0
DA:275,0
DA:286,0
DA:288,0
DA:290,0
DA:296,0
DA:303,0
DA:315,0
DA:316,0
DA:318,0
DA:324,0
DA:325,0
DA:337,0
DA:338,0
DA:350,0
DA:351,0
DA:358,0
DA:359,0
DA:372,0
DA:374,0
DA:380,0
DA:381,0
DA:382,0
DA:383,0
DA:385,0
DA:386,0
DA:388,0
DA:389,0
DA:391,0
DA:392,0
DA:394,0
DA:395,0
DA:397,0
DA:417,0
DA:419,0
DA:421,0
DA:432,0
DA:433,0
DA:434,0
DA:437,0
DA:438,0
DA:439,0
DA:440,0
DA:442,0
DA:444,0
DA:445,0
DA:446,0
DA:449,0
DA:450,0
DA:451,0
DA:452,0
DA:453,0
DA:456,0
DA:457,0
DA:458,0
DA:459,0
DA:460,0
DA:461,0
DA:463,0
DA:465,0
DA:470,0
DA:471,0
DA:475,0
DA:476,0
DA:479,0
DA:480,0
DA:481,0
DA:482,0
DA:483,0
DA:484,0
DA:485,0
DA:486,0
DA:489,0
DA:490,0
DA:491,0
DA:495,0
DA:504,0
DA:509,0
DA:517,0
DA:518,0
DA:519,0
DA:520,0
DA:521,0
DA:525,0
DA:526,0
DA:527,0
DA:528,0
DA:530,0
DA:532,0
DA:533,0
DA:537,0
DA:540,0
DA:541,0
DA:542,0
DA:543,0
LF:141
LH:0
BRDA:432,0,0,0
BRDA:432,0,1,0
BRDA:433,1,0,0
BRDA:433,1,1,0
BRDA:461,2,0,0
BRDA:461,2,1,0
BRDA:463,3,0,0
BRDA:463,3,1,0
BRDA:465,4,0,0
BRDA:465,4,1,0
BRDA:471,5,0,0
BRDA:471,5,1,0
BRDA:476,6,0,0
BRDA:476,6,1,0
BRDA:489,7,0,0
BRDA:489,7,1,0
BRDA:490,8,0,0
BRDA:490,8,1,0
BRDA:190,9,0,0
BRDA:190,10,0,0
BRDA:190,10,1,0
BRDA:190,11,0,0
BRDA:239,12,0,0
BRDA:239,13,0,0
BRDA:239,13,1,0
BRDA:275,14,0,0
BRDA:275,14,1,0
BRDA:288,15,0,0
BRDA:293,16,0,0
BRDA:293,16,1,0
BRDA:303,17,0,0
BRDA:303,17,1,0
BRDA:325,18,0,0
BRDA:325,18,1,0
BRDA:338,19,0,0
BRDA:338,19,1,0
BRDA:275,20,0,0
BRDA:275,20,1,0
BRF:38
BRH:0
end_of_record
TN:
SF:src/views/admin/documents/index.vue
FN:194,extTagType
FN:199,fetchDocuments
FN:217,handleSearch
FN:222,handleDownload
FN:236,handleDelete
FN:246,(anonymous_5)
FN:4,(anonymous_6)
FN:7,(anonymous_7)
FN:10,(anonymous_8)
FN:3,(anonymous_9)
FN:22,(anonymous_10)
FN:29,(anonymous_11)
FN:30,(anonymous_12)
FN:30,(anonymous_13)
FN:34,(anonymous_14)
FN:33,(anonymous_15)
FN:57,(anonymous_16)
FN:61,(anonymous_17)
FN:61,(anonymous_18)
FN:66,(anonymous_19)
FN:84,(anonymous_20)
FN:85,(anonymous_21)
FN:89,(anonymous_22)
FN:98,(anonymous_23)
FN:107,(anonymous_24)
FN:127,(anonymous_25)
FN:132,(anonymous_26)
FN:128,(anonymous_27)
FN:134,(anonymous_28)
FN:134,(anonymous_29)
FN:138,(anonymous_30)
FN:140,(anonymous_31)
FN:141,(anonymous_32)
FN:146,(anonymous_33)
FN:146,(anonymous_34)
FN:99,(anonymous_35)
FN:108,(anonymous_36)
FN:165,(anonymous_37)
FN:166,(anonymous_38)
FN:40,(anonymous_39)
FN:72,(anonymous_40)
FNF:41
FNH:0
FNDA:0,extTagType
FNDA:0,fetchDocuments
FNDA:0,handleSearch
FNDA:0,handleDownload
FNDA:0,handleDelete
FNDA:0,(anonymous_5)
FNDA:0,(anonymous_6)
FNDA:0,(anonymous_7)
FNDA:0,(anonymous_8)
FNDA:0,(anonymous_9)
FNDA:0,(anonymous_10)
FNDA:0,(anonymous_11)
FNDA:0,(anonymous_12)
FNDA:0,(anonymous_13)
FNDA:0,(anonymous_14)
FNDA:0,(anonymous_15)
FNDA:0,(anonymous_16)
FNDA:0,(anonymous_17)
FNDA:0,(anonymous_18)
FNDA:0,(anonymous_19)
FNDA:0,(anonymous_20)
FNDA:0,(anonymous_21)
FNDA:0,(anonymous_22)
FNDA:0,(anonymous_23)
FNDA:0,(anonymous_24)
FNDA:0,(anonymous_25)
FNDA:0,(anonymous_26)
FNDA:0,(anonymous_27)
FNDA:0,(anonymous_28)
FNDA:0,(anonymous_29)
FNDA:0,(anonymous_30)
FNDA:0,(anonymous_31)
FNDA:0,(anonymous_32)
FNDA:0,(anonymous_33)
FNDA:0,(anonymous_34)
FNDA:0,(anonymous_35)
FNDA:0,(anonymous_36)
FNDA:0,(anonymous_37)
FNDA:0,(anonymous_38)
FNDA:0,(anonymous_39)
FNDA:0,(anonymous_40)
DA:2,0
DA:5,0
DA:12,0
DA:19,0
DA:22,0
DA:30,0
DA:34,0
DA:43,0
DA:61,0
DA:77,0
DA:84,0
DA:89,0
DA:98,0
DA:99,0
DA:107,0
DA:108,0
DA:127,0
DA:132,0
DA:134,0
DA:138,0
DA:146,0
DA:147,0
DA:155,0
DA:156,0
DA:161,0
DA:162,0
DA:165,0
DA:166,0
[...]
DA:303,0
DA:305,0
DA:307,0
DA:310,0
DA:314,0
DA:316,0
DA:323,0
DA:329,0
DA:333,0
DA:342,0
DA:345,0
DA:351,0
DA:352,0
DA:354,0
DA:356,0
DA:363,0
DA:379,0
DA:380,0
DA:381,0
DA:382,0
DA:383,0
DA:385,0
DA:386,0
DA:390,0
DA:391,0
DA:395,0
DA:396,0
DA:397,0
DA:398,0
DA:399,0
DA:400,0
DA:401,0
DA:402,0
DA:403,0
DA:404,0
DA:406,0
DA:409,0
DA:410,0
DA:413,0
DA:417,0
DA:418,0
DA:419,0
DA:420,0
DA:421,0
DA:422,0
DA:424,0
DA:425,0
DA:427,0
DA:428,0
DA:429,0
DA:433,0
DA:437,0
DA:438,0
DA:439,0
DA:443,0
DA:444,0
DA:448,0
DA:452,0
DA:453,0
DA:454,0
DA:455,0
DA:462,0
DA:463,0
DA:467,0
DA:468,0
DA:469,0
DA:470,0
DA:471,0
DA:476,0
DA:477,0
DA:478,0
DA:482,0
DA:486,0
DA:487,0
DA:490,0
DA:493,0
DA:494,0
DA:496,0
DA:497,0
DA:498,0
DA:499,0
DA:500,0
DA:501,0
DA:502,0
DA:503,0
DA:507,0
DA:511,0
DA:515,0
DA:516,0
DA:517,0
DA:518,0
DA:519,0
DA:526,0
DA:527,0
DA:529,0
DA:530,0
DA:531,0
DA:532,0
DA:534,0
DA:536,0
DA:537,0
DA:538,0
DA:539,0
DA:540,0
DA:541,0
DA:542,0
DA:543,0
DA:547,0
DA:551,0
DA:554,0
DA:559,0
DA:560,0
DA:561,0
DA:562,0
DA:563,0
DA:564,0
DA:565,0
DA:566,0
DA:567,0
LF:176
LH:0
BRDA:417,0,0,0
BRDA:417,0,1,0
BRDA:420,1,0,0
BRDA:420,1,1,0
BRDA:438,2,0,0
BRDA:438,2,1,0
BRDA:466,3,0,0
BRDA:467,4,0,0
BRDA:467,4,1,0
BRDA:470,5,0,0
BRDA:470,5,1,0
BRDA:472,6,0,0
BRDA:472,6,1,0
BRDA:477,7,0,0
BRDA:477,7,1,0
BRDA:493,8,0,0
BRDA:493,8,1,0
BRDA:493,9,0,0
BRDA:493,9,1,0
BRDA:527,10,0,0
BRDA:527,10,1,0
BRDA:531,11,0,0
BRDA:531,11,1,0
BRDA:531,12,0,0
BRDA:531,12,1,0
BRDA:531,13,0,0
BRDA:531,13,1,0
BRDA:532,14,0,0
BRDA:532,14,1,0
BRDA:534,15,0,0
BRDA:534,15,1,0
BRDA:5,16,0,0
BRDA:106,17,0,0
BRDA:106,18,0,0
BRDA:106,18,1,0
BRDA:106,19,0,0
BRDA:211,20,0,0
BRDA:211,20,1,0
BRDA:211,21,0,0
BRDA:211,21,1,0
BRDA:215,22,0,0
BRDA:211,23,0,0
BRDA:211,23,1,0
BRDA:232,24,0,0
BRDA:232,24,1,0
BRF:45
BRH:0
end_of_record
TN:
SF:src/views/user/fact-check/index.vue
FNF:0
FNH:0
LF:0
LH:0
BRF:0
BRH:0
end_of_record
TN:
SF:src/views/user/history/index.vue
FNF:0
FNH:0
LF:0
LH:0
BRF:0
BRH:0
end_of_record
TN:
SF:src/views/user/polish/index.vue
FN:440,(anonymous_0)
FN:443,stopStreaming
FN:447,(anonymous_2)
FN:452,(anonymous_3)
FN:458,(anonymous_4)
FN:459,(anonymous_5)
FN:460,(anonymous_6)
FN:461,(anonymous_7)
FN:462,(anonymous_8)
FN:463,(anonymous_9)
FN:464,(anonymous_10)
FN:468,(anonymous_11)
FN:469,(anonymous_12)
FN:474,(anonymous_13)
FN:476,(anonymous_14)
FN:480,(anonymous_15)
FN:518,runCompareStream
FN:524,(anonymous_17)
FN:527,(anonymous_18)
FN:543,(anonymous_19)
FN:582,handleCompare
FN:597,(anonymous_21)
FN:609,renderMarkdown
FN:615,runPolishStream
FN:626,(anonymous_24)
FN:641,(anonymous_25)
FN:647,(anonymous_26)
FN:652,(anonymous_27)
FN:655,(anonymous_28)
FN:690,handlePolish
FN:714,handleClear
FN:721,handleRegenerate
FN:743,handleCopy
FN:771,levelTagType
FN:781,levelDesc
FN:24,(anonymous_35)
FN:39,(anonymous_36)
FN:60,(anonymous_37)
FN:84,(anonymous_38)
FN:100,(anonymous_39)
FN:99,(anonymous_40)
FN:107,(anonymous_41)
FN:106,(anonymous_42)
FN:115,(anonymous_43)
FN:121,(anonymous_44)
FN:135,(anonymous_45)
FN:142,(anonymous_46)
FN:143,(anonymous_47)
FN:147,(anonymous_48)
FN:152,(anonymous_49)
FN:152,(anonymous_50)
FN:193,(anonymous_51)
FN:199,(anonymous_52)
FN:232,(anonymous_53)
FN:228,(anonymous_54)
FN:234,(anonymous_55)
FN:234,(anonymous_56)
FN:273,(anonymous_57)
FN:283,(anonymous_58)
FN:292,(anonymous_59)
FN:298,(anonymous_60)
FN:298,(anonymous_61)
FN:309,(anonymous_62)
FN:323,(anonymous_63)
FN:336,(anonymous_64)
FN:331,(anonymous_65)
FN:338,(anonymous_66)
FN:338,(anonymous_67)
FN:348,(anonymous_68)
FNF:69
FNH:0
FNDA:0,(anonymous_0)
FNDA:0,stopStreaming
FNDA:0,(anonymous_2)
FNDA:0,(anonymous_3)
FNDA:0,(anonymous_4)
FNDA:0,(anonymous_5)
FNDA:0,(anonymous_6)
FNDA:0,(anonymous_7)
FNDA:0,(anonymous_8)
FNDA:0,(anonymous_9)
FNDA:0,(anonymous_10)
FNDA:0,(anonymous_11)
FNDA:0,(anonymous_12)
FNDA:0,(anonymous_13)
FNDA:0,(anonymous_14)
FNDA:0,(anonymous_15)
FNDA:0,runCompareStream
FNDA:0,(anonymous_17)
FNDA:0,(anonymous_18)
FNDA:0,(anonymous_19)
FNDA:0,handleCompare
FNDA:0,(anonymous_21)
FNDA:0,renderMarkdown
FNDA:0,runPolishStream
FNDA:0,(anonymous_24)
FNDA:0,(anonymous_25)
FNDA:0,(anonymous_26)
FNDA:0,(anonymous_27)
FNDA:0,(anonymous_28)
FNDA:0,handlePolish
FNDA:0,handleClear
FNDA:0,handleRegenerate
FNDA:0,handleCopy
FNDA:0,levelTagType
FNDA:0,levelDesc
FNDA:0,(anonymous_35)
FNDA:0,(anonymous_36)
FNDA:0,(anonymous_37)
FNDA:0,(anonymous_38)
FNDA:0,(anonymous_39)
FNDA:0,(anonymous_40)
FNDA:0,(anonymous_41)
FNDA:0,(anonymous_42)
FNDA:0,(anonymous_43)
FNDA:0,(anonymous_44)
FNDA:0,(anonymous_45)
FNDA:0,(anonymous_46)
FNDA:0,(anonymous_47)
FNDA:0,(anonymous_48)
FNDA:0,(anonymous_49)
FNDA:0,(anonymous_50)
FNDA:0,(anonymous_51)
FNDA:0,(anonymous_52)
FNDA:0,(anonymous_53)
FNDA:0,(anonymous_54)
FNDA:0,(anonymous_55)
FNDA:0,(anonymous_56)
FNDA:0,(anonymous_57)
FNDA:0,(anonymous_58)
FNDA:0,(anonymous_59)
FNDA:0,(anonymous_60)
FNDA:0,(anonymous_61)
FNDA:0,(anonymous_62)
FNDA:0,(anonymous_63)
FNDA:0,(anonymous_64)
FNDA:0,(anonymous_65)
FNDA:0,(anonymous_66)
FNDA:0,(anonymous_67)
FNDA:0,(anonymous_68)
DA:2,0
DA:21,0
DA:24,0
DA:35,0
DA:39,0
DA:42,0
DA:57,0
DA:66,0
DA:84,0
DA:96,0
DA:100,0
DA:105,0
DA:107,0
DA:114,0
DA:115,0
DA:128,0
DA:142,0
DA:143,0
DA:145,0
DA:152,0
DA:162,0
DA:168,0
DA:170,0
DA:180,0
DA:189,0
DA:193,0
DA:196,0
DA:204,0
DA:206,0
DA:208,0
DA:210,0
DA:213,0
DA:215,0
DA:222,0
DA:225,0
DA:232,0
DA:234,0
DA:245,0
DA:257,0
DA:269,0
DA:278,0
DA:280,0
DA:284,0
DA:298,0
DA:305,0
DA:309,0
DA:312,0
DA:329,0
DA:336,0
DA:338,0
DA:343,0
DA:349,0
DA:354,0
DA:362,0
DA:392,0
DA:393,0
DA:394,0
DA:400,0
DA:407,0
DA:421,0
DA:422,0
DA:423,0
DA:424,0
DA:425,0
DA:426,0
DA:427,0
DA:428,0
DA:429,0
DA:430,0
DA:431,0
DA:432,0
DA:435,0
DA:436,0
DA:437,0
DA:438,0
DA:439,0
DA:440,0
DA:441,0
DA:444,0
DA:447,0
DA:448,0
DA:449,0
DA:452,0
DA:453,0
DA:454,0
DA:458,0
DA:459,0
DA:460,0
DA:461,0
DA:462,0
DA:463,0
DA:464,0
DA:465,0
DA:468,0
DA:469,0
DA:470,0
DA:474,0
DA:475,0
DA:476,0
DA:480,0
DA:481,0
DA:482,0
DA:483,0
DA:485,0
DA:500,0
DA:501,0
DA:502,0
DA:504,0
DA:508,0
DA:509,0
DA:510,0
DA:511,0
DA:519,0
DA:520,0
DA:521,0
DA:522,0
DA:524,0
DA:525,0
DA:527,0
DA:535,0
DA:537,0
DA:538,0
DA:539,0
DA:541,0
DA:542,0
DA:543,0
DA:544,0
DA:546,0
DA:547,0
DA:548,0
DA:549,0
DA:550,0
DA:551,0
DA:552,0
DA:553,0
DA:554,0
DA:555,0
DA:556,0
DA:557,0
DA:560,0
DA:562,0
DA:563,0
DA:564,0
DA:565,0
DA:569,0
DA:570,0
DA:571,0
DA:573,0
DA:576,0
DA:578,0
DA:583,0
DA:584,0
DA:585,0
DA:586,0
DA:587,0
DA:588,0
DA:590,0
DA:595,0
DA:597,0
DA:598,0
DA:599,0
DA:600,0
DA:604,0
DA:610,0
DA:611,0
DA:616,0
DA:617,0
DA:618,0
DA:619,0
DA:620,0
DA:621,0
DA:622,0
DA:624,0
DA:625,0
DA:626,0
DA:627,0
DA:628,0
DA:629,0
DA:631,0
DA:632,0
DA:633,0
DA:635,0
DA:636,0
DA:637,0
DA:638,0
DA:640,0
DA:641,0
DA:647,0
DA:648,0
DA:650,0
DA:651,0
DA:652,0
DA:653,0
DA:654,0
DA:655,0
DA:656,0
DA:657,0
DA:658,0
DA:659,0
DA:662,0
DA:664,0
DA:665,0
DA:667,0
DA:668,0
DA:671,0
DA:672,0
DA:675,0
DA:676,0
DA:677,0
DA:679,0
DA:683,0
DA:684,0
DA:686,0
DA:691,0
DA:692,0
DA:693,0
DA:694,0
DA:695,0
DA:696,0
DA:698,0
DA:699,0
DA:700,0
DA:701,0
DA:703,0
DA:704,0
DA:709,0
DA:715,0
DA:716,0
DA:717,0
DA:722,0
DA:723,0
DA:724,0
DA:725,0
DA:726,0
DA:727,0
DA:728,0
DA:729,0
DA:730,0
DA:731,0
DA:732,0
DA:737,0
DA:738,0
DA:744,0
DA:745,0
DA:747,0
DA:748,0
DA:749,0
DA:756,0
DA:758,0
DA:760,0
DA:761,0
DA:762,0
DA:764,0
DA:765,0
DA:772,0
DA:773,0
DA:774,0
DA:775,0
DA:776,0
DA:782,0
DA:783,0
DA:784,0
DA:785,0
DA:786,0
LF:264
LH:0
BRDA:454,0,0,0
BRDA:454,0,1,0
BRDA:454,0,2,0
BRDA:459,1,0,0
BRDA:459,1,1,0
BRDA:461,2,0,0
BRDA:461,2,1,0
BRDA:465,3,0,0
BRDA:465,3,1,0
BRDA:470,4,0,0
BRDA:470,4,1,0
BRDA:509,5,0,0
BRDA:509,5,1,0
BRDA:525,6,0,0
BRDA:525,6,1,0
BRDA:525,7,0,0
BRDA:525,7,1,0
BRDA:537,8,0,0
BRDA:537,8,1,0
BRDA:542,9,0,0
BRDA:542,9,1,0
BRDA:544,10,0,0
BRDA:544,10,1,0
BRDA:546,11,0,0
BRDA:546,11,1,0
BRDA:548,12,0,0
BRDA:548,12,1,0
BRDA:548,13,0,0
BRDA:548,13,1,0
BRDA:550,14,0,0
BRDA:550,14,1,0
BRDA:551,15,0,0
BRDA:551,15,1,0
BRDA:552,16,0,0
BRDA:552,16,1,0
BRDA:553,17,0,0
BRDA:553,17,1,0
BRDA:554,18,0,0
BRDA:554,18,1,0
BRDA:555,19,0,0
BRDA:555,19,1,0
BRDA:557,20,0,0
BRDA:557,20,1,0
BRDA:564,21,0,0
BRDA:564,21,1,0
BRDA:564,22,0,0
BRDA:564,22,1,0
BRDA:569,23,0,0
BRDA:569,23,1,0
BRDA:570,24,0,0
BRDA:570,24,1,0
BRDA:578,25,0,0
BRDA:578,25,1,0
BRDA:583,26,0,0
BRDA:583,26,1,0
BRDA:588,27,0,0
BRDA:588,27,1,0
BRDA:598,28,0,0
BRDA:598,28,1,0
BRDA:598,29,0,0
BRDA:598,29,1,0
BRDA:598,30,0,0
BRDA:598,30,1,0
BRDA:610,31,0,0
BRDA:610,31,1,0
BRDA:627,32,0,0
BRDA:627,32,1,0
BRDA:628,33,0,0
BRDA:628,33,1,0
BRDA:631,34,0,0
BRDA:631,34,1,0
BRDA:635,35,0,0
BRDA:635,35,1,0
BRDA:636,36,0,0
BRDA:636,36,1,0
BRDA:636,37,0,0
BRDA:636,37,1,0
BRDA:638,38,0,0
BRDA:638,38,1,0
BRDA:638,39,0,0
BRDA:638,39,1,0
BRDA:640,40,0,0
BRDA:640,40,1,0
BRDA:644,41,0,0
BRDA:644,41,1,0
BRDA:648,42,0,0
BRDA:648,42,1,0
BRDA:650,43,0,0
BRDA:650,43,1,0
BRDA:650,44,0,0
BRDA:650,44,1,0
BRDA:653,45,0,0
BRDA:653,45,1,0
BRDA:653,46,0,0
BRDA:653,46,1,0
BRDA:654,47,0,0
BRDA:654,47,1,0
BRDA:654,48,0,0
BRDA:654,48,1,0
BRDA:656,49,0,0
BRDA:656,49,1,0
BRDA:656,50,0,0
BRDA:656,50,1,0
BRDA:657,51,0,0
BRDA:657,51,1,0
BRDA:659,52,0,0
BRDA:659,52,1,0
BRDA:667,53,0,0
BRDA:667,53,1,0
BRDA:667,54,0,0
BRDA:667,54,1,0
BRDA:667,54,2,0
BRDA:671,55,0,0
BRDA:671,55,1,0
BRDA:675,56,0,0
BRDA:675,56,1,0
BRDA:677,57,0,0
BRDA:677,57,1,0
BRDA:686,58,0,0
BRDA:686,58,1,0
BRDA:691,59,0,0
BRDA:691,59,1,0
BRDA:696,60,0,0
BRDA:696,60,1,0
BRDA:704,61,0,0
BRDA:704,61,1,0
BRDA:727,62,0,0
BRDA:727,62,1,0
BRDA:731,63,0,0
BRDA:731,63,1,0
BRDA:745,64,0,0
BRDA:745,64,1,0
BRDA:748,65,0,0
BRDA:748,65,1,0
BRDA:748,66,0,0
BRDA:748,66,1,0
BRDA:772,67,0,0
BRDA:772,67,1,0
BRDA:772,67,2,0
BRDA:772,67,3,0
BRDA:782,68,0,0
BRDA:782,68,1,0
BRDA:782,68,2,0
BRDA:782,68,3,0
BRDA:21,69,0,0
BRDA:46,70,0,0
BRDA:46,70,1,0
BRDA:57,71,0,0
BRDA:77,72,0,0
BRDA:77,72,1,0
BRDA:96,73,0,0
BRDA:105,74,0,0
BRDA:128,75,0,0
BRDA:128,75,1,0
BRDA:139,76,0,0
BRDA:139,76,1,0
BRDA:142,77,0,0
BRDA:145,78,0,0
BRDA:145,78,1,0
BRDA:162,79,0,0
BRDA:162,79,1,0
BRDA:164,80,0,0
BRDA:164,80,1,0
BRDA:168,81,0,0
BRDA:170,82,0,0
BRDA:170,83,0,0
BRDA:170,83,1,0
BRDA:180,84,0,0
BRDA:189,85,0,0
BRDA:208,86,0,0
BRDA:208,86,1,0
BRDA:213,87,0,0
BRDA:213,87,1,0
BRDA:215,88,0,0
BRDA:215,88,1,0
BRDA:225,89,0,0
BRDA:245,90,0,0
BRDA:245,91,0,0
BRDA:245,91,1,0
BRDA:257,92,0,0
BRDA:257,93,0,0
BRDA:257,93,1,0
BRDA:269,94,0,0
BRDA:280,95,0,0
BRDA:280,95,1,0
BRDA:284,96,0,0
BRDA:305,97,0,0
BRDA:343,98,0,0
BRDA:354,99,0,0
BRDA:354,100,0,0
BRDA:354,100,1,0
BRDA:362,101,0,0
BRDA:362,101,1,0
BRF:193
BRH:0
end_of_record
TN:
SF:src/views/user/profile/index.vue
FN:207,(anonymous_0)
FN:212,(anonymous_1)
FN:250,(anonymous_2)
FN:263,initForm
FN:272,cancelEdit
FN:278,saveProfile
FN:280,(anonymous_6)
FN:302,handleChangePassword
FN:304,(anonymous_8)
FN:324,(anonymous_9)
FN:5,(anonymous_10)
FN:19,(anonymous_11)
FN:36,(anonymous_12)
FN:41,(anonymous_13)
FN:23,(anonymous_14)
FN:40,(anonymous_15)
FN:45,(anonymous_16)
FN:53,(anonymous_17)
FN:60,(anonymous_18)
FN:56,(anonymous_19)
FN:65,(anonymous_20)
FN:71,(anonymous_21)
FN:61,(anonymous_22)
FN:68,(anonymous_23)
FN:76,(anonymous_24)
FN:52,(anonymous_25)
FN:82,(anonymous_26)
FN:89,(anonymous_27)
FN:94,(anonymous_28)
FN:98,(anonymous_29)
FN:103,(anonymous_30)
FN:107,(anonymous_31)
FN:111,(anonymous_32)
FN:111,(anonymous_33)
FN:112,(anonymous_34)
FN:115,(anonymous_35)
FN:112,(anonymous_36)
FN:115,(anonymous_37)
FN:120,(anonymous_38)
FN:129,(anonymous_39)
FN:93,(anonymous_40)
FN:102,(anonymous_41)
FN:121,(anonymous_42)
FN:130,(anonymous_43)
FN:143,(anonymous_44)
FN:142,(anonymous_45)
FN:146,(anonymous_46)
FN:152,(anonymous_47)
FN:157,(anonymous_48)
FN:163,(anonymous_49)
FN:168,(anonymous_50)
FN:174,(anonymous_51)
FN:179,(anonymous_52)
FN:185,(anonymous_53)
FN:186,(anonymous_54)
FN:190,(anonymous_55)
FN:156,(anonymous_56)
FN:167,(anonymous_57)
FN:178,(anonymous_58)
FNF:59
FNH:0
FNDA:0,(anonymous_0)
FNDA:0,(anonymous_1)
FNDA:0,(anonymous_2)
FNDA:0,initForm
FNDA:0,cancelEdit
FNDA:0,saveProfile
FNDA:0,(anonymous_6)
FNDA:0,handleChangePassword
FNDA:0,(anonymous_8)
FNDA:0,(anonymous_9)
FNDA:0,(anonymous_10)
FNDA:0,(anonymous_11)
FNDA:0,(anonymous_12)
FNDA:0,(anonymous_13)
FNDA:0,(anonymous_14)
FNDA:0,(anonymous_15)
FNDA:0,(anonymous_16)
FNDA:0,(anonymous_17)
FNDA:0,(anonymous_18)
FNDA:0,(anonymous_19)
FNDA:0,(anonymous_20)
FNDA:0,(anonymous_21)
FNDA:0,(anonymous_22)
FNDA:0,(anonymous_23)
FNDA:0,(anonymous_24)
FNDA:0,(anonymous_25)
FNDA:0,(anonymous_26)
FNDA:0,(anonymous_27)
FNDA:0,(anonymous_28)
FNDA:0,(anonymous_29)
FNDA:0,(anonymous_30)
FNDA:0,(anonymous_31)
FNDA:0,(anonymous_32)
FNDA:0,(anonymous_33)
FNDA:0,(anonymous_34)
FNDA:0,(anonymous_35)
FNDA:0,(anonymous_36)
FNDA:0,(anonymous_37)
FNDA:0,(anonymous_38)
FNDA:0,(anonymous_39)
FNDA:0,(anonymous_40)
FNDA:0,(anonymous_41)
FNDA:0,(anonymous_42)
FNDA:0,(anonymous_43)
FNDA:0,(anonymous_44)
FNDA:0,(anonymous_45)
FNDA:0,(anonymous_46)
FNDA:0,(anonymous_47)
FNDA:0,(anonymous_48)
FNDA:0,(anonymous_49)
FNDA:0,(anonymous_50)
FNDA:0,(anonymous_51)
FNDA:0,(anonymous_52)
FNDA:0,(anonymous_53)
FNDA:0,(anonymous_54)
FNDA:0,(anonymous_55)
FNDA:0,(anonymous_56)
FNDA:0,(anonymous_57)
FNDA:0,(anonymous_58)
DA:2,0
DA:5,0
DA:13,0
DA:23,0
DA:31,0
DA:37,0
DA:40,0
DA:45,0
DA:52,0
DA:57,0
DA:60,0
DA:63,0
DA:70,0
DA:78,0
DA:94,0
DA:96,0
DA:97,0
DA:103,0
DA:105,0
DA:111,0
DA:112,0
DA:114,0
DA:115,0
DA:117,0
DA:118,0
DA:120,0
DA:124,0
DA:129,0
DA:133,0
DA:142,0
DA:157,0
DA:161,0
DA:162,0
DA:168,0
DA:172,0
DA:179,0
DA:183,0
DA:192,0
DA:206,0
DA:207,0
DA:209,0
DA:212,0
DA:213,0
DA:217,0
DA:218,0
DA:219,0
DA:221,0
DA:227,0
DA:232,0
DA:233,0
DA:235,0
DA:241,0
DA:251,0
DA:252,0
DA:254,0
DA:264,0
DA:265,0
DA:266,0
DA:267,0
DA:273,0
DA:274,0
DA:279,0
DA:280,0
DA:281,0
DA:282,0
DA:283,0
DA:284,0
DA:289,0
DA:290,0
DA:292,0
DA:296,0
DA:303,0
DA:304,0
DA:305,0
DA:306,0
DA:307,0
DA:308,0
DA:312,0
DA:313,0
DA:314,0
DA:315,0
DA:319,0
DA:324,0
DA:325,0
LF:84
LH:0
BRDA:251,0,0,0
BRDA:251,0,1,0
BRDA:264,1,0,0
BRDA:264,1,1,0
BRDA:265,2,0,0
BRDA:265,2,1,0
BRDA:266,3,0,0
BRDA:266,3,1,0
BRDA:267,4,0,0
BRDA:267,4,1,0
BRDA:279,5,0,0
BRDA:279,5,1,0
BRDA:281,6,0,0
BRDA:281,6,1,0
BRDA:286,7,0,0
BRDA:286,7,1,0
BRDA:287,8,0,0
BRDA:287,8,1,0
BRDA:303,9,0,0
BRDA:303,9,1,0
BRDA:305,10,0,0
BRDA:305,10,1,0
BRDA:9,11,0,0
BRDA:9,11,1,0
BRDA:16,12,0,0
BRDA:16,12,1,0
BRDA:23,13,0,0
BRDA:23,13,1,0
BRDA:37,14,0,0
BRDA:37,15,0,0
BRDA:37,15,1,0
BRDA:57,16,0,0
BRDA:55,17,0,0
BRDA:55,17,1,0
BRDA:131,18,0,0
BRDA:131,18,1,0
BRF:36
BRH:0
end_of_record
TN:
SF:src/views/user/proofread/DocumentProofread.vue
FNF:0
FNH:0
LF:0
LH:0
BRF:0
BRH:0
end_of_record
TN:
SF:src/views/user/proofread/TextProofread.vue
FNF:0
FNH:0
LF:0
LH:0
BRF:0
BRH:0
end_of_record
TN:
SF:src/views/user/whitelist/index.vue
FN:267,(anonymous_0)
FN:269,fetchList
FN:287,loadMore
FN:292,(anonymous_3)
FN:295,fillExample
FN:301,editWord
FN:307,resetForm
FN:312,handleSave
FN:334,handleDelete
FN:344,handleBatchImport
FN:345,(anonymous_10)
FN:347,(anonymous_11)
FN:348,(anonymous_12)
FN:350,(anonymous_13)
FN:4,(anonymous_14)
FN:11,(anonymous_15)
FN:8,(anonymous_16)
FN:13,(anonymous_17)
FN:13,(anonymous_18)
FN:17,(anonymous_19)
FN:15,(anonymous_20)
FN:18,(anonymous_21)
FN:3,(anonymous_22)
FN:30,(anonymous_23)
FN:36,(anonymous_24)
FN:43,(anonymous_25)
FN:53,(anonymous_26)
FN:62,(anonymous_27)
FN:63,(anonymous_28)
FN:67,(anonymous_29)
FN:81,(anonymous_30)
FN:94,(anonymous_31)
FN:99,(anonymous_32)
FN:95,(anonymous_33)
FN:105,(anonymous_34)
FN:107,(anonymous_35)
FN:108,(anonymous_36)
FN:112,(anonymous_37)
FN:100,(anonymous_38)
FN:54,(anonymous_39)
FN:82,(anonymous_40)
FN:120,(anonymous_41)
FN:126,(anonymous_42)
FN:131,(anonymous_43)
FN:131,(anonymous_44)
FN:139,(anonymous_45)
FN:30,(anonymous_46)
FN:48,(anonymous_47)
FN:124,(anonymous_48)
FN:143,(anonymous_49)
FN:151,(anonymous_50)
FN:199,(anonymous_51)
FN:200,(anonymous_52)
FN:200,(anonymous_53)
FN:203,(anonymous_54)
FN:200,(anonymous_55)
FN:207,(anonymous_56)
FN:150,(anonymous_57)
FN:156,(anonymous_58)
FN:160,(anonymous_59)
FN:165,(anonymous_60)
FN:170,(anonymous_61)
FN:171,(anonymous_62)
FN:171,(anonymous_63)
FN:172,(anonymous_64)
FN:175,(anonymous_65)
FN:172,(anonymous_66)
FN:175,(anonymous_67)
FN:180,(anonymous_68)
FN:185,(anonymous_69)
FN:191,(anonymous_70)
FN:193,(anonymous_71)
FN:164,(anonymous_72)
FN:184,(anonymous_73)
FN:192,(anonymous_74)
FN:215,(anonymous_75)
FN:228,(anonymous_76)
FN:229,(anonymous_77)
FN:229,(anonymous_78)
FN:232,(anonymous_79)
FN:229,(anonymous_80)
FN:236,(anonymous_81)
FN:214,(anonymous_82)
FN:223,(anonymous_83)
FNF:84
FNH:0
FNDA:0,(anonymous_0)
FNDA:0,fetchList
FNDA:0,loadMore
FNDA:0,(anonymous_3)
FNDA:0,fillExample
FNDA:0,editWord
FNDA:0,resetForm
FNDA:0,handleSave
FNDA:0,handleDelete
FNDA:0,handleBatchImport
FNDA:0,(anonymous_10)
FNDA:0,(anonymous_11)
FNDA:0,(anonymous_12)
FNDA:0,(anonymous_13)
FNDA:0,(anonymous_14)
FNDA:0,(anonymous_15)
FNDA:0,(anonymous_16)
FNDA:0,(anonymous_17)
FNDA:0,(anonymous_18)
FNDA:0,(anonymous_19)
FNDA:0,(anonymous_20)
FNDA:0,(anonymous_21)
FNDA:0,(anonymous_22)
FNDA:0,(anonymous_23)
FNDA:0,(anonymous_24)
FNDA:0,(anonymous_25)
FNDA:0,(anonymous_26)
FNDA:0,(anonymous_27)
FNDA:0,(anonymous_28)
FNDA:0,(anonymous_29)
FNDA:0,(anonymous_30)
FNDA:0,(anonymous_31)
FNDA:0,(anonymous_32)
FNDA:0,(anonymous_33)
FNDA:0,(anonymous_34)
FNDA:0,(anonymous_35)
FNDA:0,(anonymous_36)
FNDA:0,(anonymous_37)
FNDA:0,(anonymous_38)
FNDA:0,(anonymous_39)
FNDA:0,(anonymous_40)
FNDA:0,(anonymous_41)
FNDA:0,(anonymous_42)
FNDA:0,(anonymous_43)
FNDA:0,(anonymous_44)
FNDA:0,(anonymous_45)
FNDA:0,(anonymous_46)
FNDA:0,(anonymous_47)
FNDA:0,(anonymous_48)
FNDA:0,(anonymous_49)
FNDA:0,(anonymous_50)
FNDA:0,(anonymous_51)
FNDA:0,(anonymous_52)
FNDA:0,(anonymous_53)
FNDA:0,(anonymous_54)
FNDA:0,(anonymous_55)
FNDA:0,(anonymous_56)
FNDA:0,(anonymous_57)
FNDA:0,(anonymous_58)
FNDA:0,(anonymous_59)
FNDA:0,(anonymous_60)
FNDA:0,(anonymous_61)
FNDA:0,(anonymous_62)
FNDA:0,(anonymous_63)
FNDA:0,(anonymous_64)
FNDA:0,(anonymous_65)
FNDA:0,(anonymous_66)
FNDA:0,(anonymous_67)
FNDA:0,(anonymous_68)
FNDA:0,(anonymous_69)
FNDA:0,(anonymous_70)
FNDA:0,(anonymous_71)
FNDA:0,(anonymous_72)
FNDA:0,(anonymous_73)
FNDA:0,(anonymous_74)
FNDA:0,(anonymous_75)
FNDA:0,(anonymous_76)
FNDA:0,(anonymous_77)
FNDA:0,(anonymous_78)
FNDA:0,(anonymous_79)
FNDA:0,(anonymous_80)
FNDA:0,(anonymous_81)
FNDA:0,(anonymous_82)
FNDA:0,(anonymous_83)
DA:2,0
DA:7,0
DA:11,0
DA:13,0
DA:17,0
DA:20,0
DA:31,0
DA:36,0
DA:53,0
DA:54,0
DA:56,0
DA:62,0
DA:67,0
DA:81,0
DA:83,0
DA:84,0
DA:94,0
DA:99,0
DA:102,0
DA:105,0
DA:114,0
DA:121,0
DA:122,0
DA:131,0
DA:133,0
DA:136,0
DA:144,0
DA:151,0
DA:165,0
DA:168,0
DA:169,0
DA:170,0
DA:171,0
DA:172,0
DA:174,0
DA:175,0
DA:177,0
DA:178,0
DA:181,0
DA:182,0
DA:185,0
DA:189,0
DA:191,0
DA:193,0
DA:196,0
DA:200,0
DA:202,0
DA:209,0
DA:215,0
DA:219,0
DA:223,0
DA:229,0
DA:231,0
DA:238,0
DA:253,0
DA:254,0
DA:255,0
DA:256,0
DA:257,0
DA:258,0
DA:259,0
DA:261,0
DA:262,0
DA:263,0
DA:264,0
DA:265,0
DA:267,0
DA:270,0
DA:271,0
DA:272,0
DA:273,0
DA:278,0
DA:279,0
DA:280,0
DA:284,0
DA:288,0
DA:289,0
DA:292,0
DA:296,0
DA:297,0
DA:298,0
DA:302,0
DA:303,0
DA:304,0
DA:308,0
DA:309,0
DA:313,0
DA:314,0
DA:315,0
DA:316,0
DA:317,0
DA:318,0
DA:319,0
DA:320,0
DA:322,0
DA:323,0
DA:325,0
DA:326,0
DA:327,0
DA:331,0
DA:335,0
DA:336,0
DA:337,0
DA:338,0
DA:345,0
DA:346,0
DA:347,0
DA:348,0
DA:349,0
DA:350,0
DA:351,0
DA:352,0
DA:353,0
DA:354,0
DA:355,0
DA:356,0
DA:357,0
DA:358,0
DA:362,0
LF:119
LH:0
BRDA:269,0,0,0
BRDA:272,1,0,0
BRDA:272,1,1,0
BRDA:274,2,0,0
BRDA:274,2,1,0
BRDA:279,3,0,0
BRDA:279,3,1,0
BRDA:303,4,0,0
BRDA:303,4,1,0
BRDA:303,5,0,0
BRDA:303,5,1,0
BRDA:313,6,0,0
BRDA:313,6,1,0
BRDA:316,7,0,0
BRDA:316,7,1,0
BRDA:317,8,0,0
BRDA:317,8,1,0
BRDA:318,9,0,0
BRDA:318,9,1,0
BRDA:346,10,0,0
BRDA:346,10,1,0
BRDA:349,11,0,0
BRDA:349,11,1,0
BRDA:351,12,0,0
BRDA:351,12,1,0
BRDA:64,13,0,0
BRDA:64,13,1,0
BRDA:67,14,0,0
BRDA:67,14,1,0
BRDA:83,15,0,0
BRDA:83,16,0,0
BRDA:83,16,1,0
BRDA:121,17,0,0
BRDA:121,18,0,0
BRDA:121,18,1,0
BRDA:136,19,0,0
BRDA:121,20,0,0
BRDA:152,21,0,0
BRDA:152,21,1,0
BRDA:181,22,0,0
BRDA:181,23,0,0
BRF:41
BRH:0
end_of_record
